This is XeTeX, Version 3.14159265-2.6-0.999992 (TeX Live 2020/W32TeX) (preloaded format=xelatex 2020.6.22)  24 JUN 2020 22:17
entering extended mode
 \write18 enabled.
 %&-line parsing enabled.
**Ordenacao.tex -aux-directory .\jl_wUgYev -include-directory C:\Users\Eduar\Do
cuments\GitHub\projetos-algoritmos\Projeto 2\Algoritmos
(./Ordenacao.tex
LaTeX2e <2020-02-02> patch level 5
L3 programming layer <2020-06-18>
(c:/Users/Eduar/AppData/Roaming/TinyTeX/texmf-dist/tex/latex/base/article.cls
Document Class: article 2019/12/20 v1.4l Standard LaTeX document class
(c:/Users/Eduar/AppData/Roaming/TinyTeX/texmf-dist/tex/latex/base/size12.clo
File: size12.clo 2019/12/20 v1.4l Standard LaTeX file (size option)
)
\c@part=\count163
\c@section=\count164
\c@subsection=\count165
\c@subsubsection=\count166
\c@paragraph=\count167
\c@subparagraph=\count168
\c@figure=\count169
\c@table=\count170
\abovecaptionskip=\skip47
\belowcaptionskip=\skip48
\bibindent=\dimen134
)
(c:/Users/Eduar/AppData/Roaming/TinyTeX/texmf-dist/tex/latex/geometry/geometry.
sty
Package: geometry 2020/01/02 v5.9 Page Geometry

(c:/Users/Eduar/AppData/Roaming/TinyTeX/texmf-dist/tex/latex/graphics/keyval.st
y
Package: keyval 2014/10/28 v1.15 key=value parser (DPC)
\KV@toks@=\toks15
)
(c:/Users/Eduar/AppData/Roaming/TinyTeX/texmf-dist/tex/generic/iftex/ifvtex.sty
Package: ifvtex 2019/10/25 v1.7 ifvtex legacy package. Use iftex instead.
(c:/Users/Eduar/AppData/Roaming/TinyTeX/texmf-dist/tex/generic/iftex/iftex.sty
Package: iftex 2020/03/06 v1.0d TeX engine tests
))
\Gm@cnth=\count171
\Gm@cntv=\count172
\c@Gm@tempcnt=\count173
\Gm@bindingoffset=\dimen135
\Gm@wd@mp=\dimen136
\Gm@odd@mp=\dimen137
\Gm@even@mp=\dimen138
\Gm@layoutwidth=\dimen139
\Gm@layoutheight=\dimen140
\Gm@layouthoffset=\dimen141
\Gm@layoutvoffset=\dimen142
\Gm@dimlist=\toks16
) (c:/Users/Eduar/AppData/Roaming/TinyTeX/texmf-dist/tex/latex/lm/lmodern.sty
Package: lmodern 2009/10/30 v1.6 Latin Modern Fonts
LaTeX Font Info:    Overwriting symbol font `operators' in version `normal'
(Font)                  OT1/cmr/m/n --> OT1/lmr/m/n on input line 22.
LaTeX Font Info:    Overwriting symbol font `letters' in version `normal'
(Font)                  OML/cmm/m/it --> OML/lmm/m/it on input line 23.
LaTeX Font Info:    Overwriting symbol font `symbols' in version `normal'
(Font)                  OMS/cmsy/m/n --> OMS/lmsy/m/n on input line 24.
LaTeX Font Info:    Overwriting symbol font `largesymbols' in version `normal'
(Font)                  OMX/cmex/m/n --> OMX/lmex/m/n on input line 25.
LaTeX Font Info:    Overwriting symbol font `operators' in version `bold'
(Font)                  OT1/cmr/bx/n --> OT1/lmr/bx/n on input line 26.
LaTeX Font Info:    Overwriting symbol font `letters' in version `bold'
(Font)                  OML/cmm/b/it --> OML/lmm/b/it on input line 27.
LaTeX Font Info:    Overwriting symbol font `symbols' in version `bold'
(Font)                  OMS/cmsy/b/n --> OMS/lmsy/b/n on input line 28.
LaTeX Font Info:    Overwriting symbol font `largesymbols' in version `bold'
(Font)                  OMX/cmex/m/n --> OMX/lmex/m/n on input line 29.
LaTeX Font Info:    Overwriting math alphabet `\mathbf' in version `normal'
(Font)                  OT1/cmr/bx/n --> OT1/lmr/bx/n on input line 31.
LaTeX Font Info:    Overwriting math alphabet `\mathsf' in version `normal'
(Font)                  OT1/cmss/m/n --> OT1/lmss/m/n on input line 32.
LaTeX Font Info:    Overwriting math alphabet `\mathit' in version `normal'
(Font)                  OT1/cmr/m/it --> OT1/lmr/m/it on input line 33.
LaTeX Font Info:    Overwriting math alphabet `\mathtt' in version `normal'
(Font)                  OT1/cmtt/m/n --> OT1/lmtt/m/n on input line 34.
LaTeX Font Info:    Overwriting math alphabet `\mathbf' in version `bold'
(Font)                  OT1/cmr/bx/n --> OT1/lmr/bx/n on input line 35.
LaTeX Font Info:    Overwriting math alphabet `\mathsf' in version `bold'
(Font)                  OT1/cmss/bx/n --> OT1/lmss/bx/n on input line 36.
LaTeX Font Info:    Overwriting math alphabet `\mathit' in version `bold'
(Font)                  OT1/cmr/bx/it --> OT1/lmr/bx/it on input line 37.
LaTeX Font Info:    Overwriting math alphabet `\mathtt' in version `bold'
(Font)                  OT1/cmtt/m/n --> OT1/lmtt/m/n on input line 38.
)
(c:/Users/Eduar/AppData/Roaming/TinyTeX/texmf-dist/tex/latex/amsfonts/amssymb.s
ty
Package: amssymb 2013/01/14 v3.01 AMS font symbols

(c:/Users/Eduar/AppData/Roaming/TinyTeX/texmf-dist/tex/latex/amsfonts/amsfonts.
sty
Package: amsfonts 2013/01/14 v3.01 Basic AMSFonts support
\@emptytoks=\toks17
\symAMSa=\mathgroup4
\symAMSb=\mathgroup5
LaTeX Font Info:    Redeclaring math symbol \hbar on input line 98.
LaTeX Font Info:    Overwriting math alphabet `\mathfrak' in version `bold'
(Font)                  U/euf/m/n --> U/euf/b/n on input line 106.
))
(c:/Users/Eduar/AppData/Roaming/TinyTeX/texmf-dist/tex/latex/amsmath/amsmath.st
y
Package: amsmath 2020/01/20 v2.17e AMS math features
\@mathmargin=\skip49

For additional information on amsmath, use the `?' option.

(c:/Users/Eduar/AppData/Roaming/TinyTeX/texmf-dist/tex/latex/amsmath/amstext.st
y
Package: amstext 2000/06/29 v2.01 AMS text

(c:/Users/Eduar/AppData/Roaming/TinyTeX/texmf-dist/tex/latex/amsmath/amsgen.sty
File: amsgen.sty 1999/11/30 v2.0 generic functions
\@emptytoks=\toks18
\ex@=\dimen143
))
(c:/Users/Eduar/AppData/Roaming/TinyTeX/texmf-dist/tex/latex/amsmath/amsbsy.sty
Package: amsbsy 1999/11/29 v1.2d Bold Symbols
\pmbraise@=\dimen144
)
(c:/Users/Eduar/AppData/Roaming/TinyTeX/texmf-dist/tex/latex/amsmath/amsopn.sty
Package: amsopn 2016/03/08 v2.02 operator names
)
\inf@bad=\count174
LaTeX Info: Redefining \frac on input line 227.
\uproot@=\count175
\leftroot@=\count176
LaTeX Info: Redefining \overline on input line 389.
\classnum@=\count177
\DOTSCASE@=\count178
LaTeX Info: Redefining \ldots on input line 486.
LaTeX Info: Redefining \dots on input line 489.
LaTeX Info: Redefining \cdots on input line 610.
\Mathstrutbox@=\box45
\strutbox@=\box46
\big@size=\dimen145
LaTeX Font Info:    Redeclaring font encoding OML on input line 733.
LaTeX Font Info:    Redeclaring font encoding OMS on input line 734.
\macc@depth=\count179
\c@MaxMatrixCols=\count180
\dotsspace@=\muskip16
\c@parentequation=\count181
\dspbrk@lvl=\count182
\tag@help=\toks19
\row@=\count183
\column@=\count184
\maxfields@=\count185
\andhelp@=\toks20
\eqnshift@=\dimen146
\alignsep@=\dimen147
\tagshift@=\dimen148
\tagwidth@=\dimen149
\totwidth@=\dimen150
\lineht@=\dimen151
\@envbody=\toks21
\multlinegap=\skip50
\multlinetaggap=\skip51
\mathdisplay@stack=\toks22
LaTeX Info: Redefining \[ on input line 2859.
LaTeX Info: Redefining \] on input line 2860.
) (c:/Users/Eduar/AppData/Roaming/TinyTeX/texmf-dist/tex/latex/tools/bm.sty
Package: bm 2019/07/24 v1.2d Bold Symbol Support (DPC/FMi)
\symboldoperators=\mathgroup6
\symboldletters=\mathgroup7
\symboldsymbols=\mathgroup8
LaTeX Font Info:    Redeclaring math alphabet \mathbf on input line 141.
LaTeX Info: Redefining \bm on input line 209.
)
(c:/Users/Eduar/AppData/Roaming/TinyTeX/texmf-dist/tex/latex/graphics/graphicx.
sty
Package: graphicx 2019/11/30 v1.2a Enhanced LaTeX Graphics (DPC,SPQR)

(c:/Users/Eduar/AppData/Roaming/TinyTeX/texmf-dist/tex/latex/graphics/graphics.
sty
Package: graphics 2019/11/30 v1.4a Standard LaTeX Graphics (DPC,SPQR)

(c:/Users/Eduar/AppData/Roaming/TinyTeX/texmf-dist/tex/latex/graphics/trig.sty
Package: trig 2016/01/03 v1.10 sin cos tan (DPC)
)
(c:/Users/Eduar/AppData/Roaming/TinyTeX/texmf-dist/tex/latex/graphics-cfg/graph
ics.cfg
File: graphics.cfg 2016/06/04 v1.11 sample graphics configuration
)
Package graphics Info: Driver file: xetex.def on input line 105.

(c:/Users/Eduar/AppData/Roaming/TinyTeX/texmf-dist/tex/latex/graphics-def/xetex
.def
File: xetex.def 2017/06/24 v5.0h Graphics/color driver for xetex
))
\Gin@req@height=\dimen152
\Gin@req@width=\dimen153
)

! LaTeX Error: File `microtype.sty' not found.

Type X to quit or <RETURN> to proceed,
or enter new name. (Default extension: sty)

Enter file name: 

(c:/Users/Eduar/AppData/Roaming/TinyTeX/texmf-dist/tex/latex/hyperref/hyperref.
sty
Package: hyperref 2020-05-15 v7.00e Hypertext links for LaTeX

(c:/Users/Eduar/AppData/Roaming/TinyTeX/texmf-dist/tex/generic/ltxcmds/ltxcmds.
sty
Package: ltxcmds 2019/12/15 v1.24 LaTeX kernel commands for general use (HO)
)
(c:/Users/Eduar/AppData/Roaming/TinyTeX/texmf-dist/tex/latex/pdftexcmds/pdftexc
mds.sty
Package: pdftexcmds 2020-06-04 v0.32 Utility functions of pdfTeX for LuaTeX (HO
)

(c:/Users/Eduar/AppData/Roaming/TinyTeX/texmf-dist/tex/generic/infwarerr/infwar
err.sty
Package: infwarerr 2019/12/03 v1.5 Providing info/warning/error messages (HO)
)
Package pdftexcmds Info: \pdf@primitive is available.
Package pdftexcmds Info: \pdf@ifprimitive is available.
Package pdftexcmds Info: \pdfdraftmode not found.
)
(c:/Users/Eduar/AppData/Roaming/TinyTeX/texmf-dist/tex/generic/kvsetkeys/kvsetk
eys.sty
Package: kvsetkeys 2019/12/15 v1.18 Key value parser (HO)
)
(c:/Users/Eduar/AppData/Roaming/TinyTeX/texmf-dist/tex/generic/kvdefinekeys/kvd
efinekeys.sty
Package: kvdefinekeys 2019-12-19 v1.6 Define keys (HO)
)
(c:/Users/Eduar/AppData/Roaming/TinyTeX/texmf-dist/tex/generic/pdfescape/pdfesc
ape.sty
Package: pdfescape 2019/12/09 v1.15 Implements pdfTeX's escape features (HO)
)
(c:/Users/Eduar/AppData/Roaming/TinyTeX/texmf-dist/tex/latex/hycolor/hycolor.st
y
Package: hycolor 2020-01-27 v1.10 Color options for hyperref/bookmark (HO)
)
(c:/Users/Eduar/AppData/Roaming/TinyTeX/texmf-dist/tex/latex/letltxmacro/letltx
macro.sty
Package: letltxmacro 2019/12/03 v1.6 Let assignment for LaTeX macros (HO)
)
(c:/Users/Eduar/AppData/Roaming/TinyTeX/texmf-dist/tex/latex/auxhook/auxhook.st
y
Package: auxhook 2019-12-17 v1.6 Hooks for auxiliary files (HO)
)
(c:/Users/Eduar/AppData/Roaming/TinyTeX/texmf-dist/tex/latex/kvoptions/kvoption
s.sty
Package: kvoptions 2019/11/29 v3.13 Key value format for package options (HO)
)
\@linkdim=\dimen154
\Hy@linkcounter=\count186
\Hy@pagecounter=\count187

(c:/Users/Eduar/AppData/Roaming/TinyTeX/texmf-dist/tex/latex/hyperref/pd1enc.de
f
File: pd1enc.def 2020-05-15 v7.00e Hyperref: PDFDocEncoding definition (HO)
)
(c:/Users/Eduar/AppData/Roaming/TinyTeX/texmf-dist/tex/generic/intcalc/intcalc.
sty
Package: intcalc 2019/12/15 v1.3 Expandable calculations with integers (HO)
)
(c:/Users/Eduar/AppData/Roaming/TinyTeX/texmf-dist/tex/generic/etexcmds/etexcmd
s.sty
Package: etexcmds 2019/12/15 v1.7 Avoid name clashes with e-TeX commands (HO)
)
\Hy@SavedSpaceFactor=\count188
Package hyperref Info: Hyper figures OFF on input line 4464.
Package hyperref Info: Link nesting OFF on input line 4469.
Package hyperref Info: Hyper index ON on input line 4472.
Package hyperref Info: Plain pages OFF on input line 4479.
Package hyperref Info: Backreferencing OFF on input line 4484.
Package hyperref Info: Implicit mode ON; LaTeX internals redefined.
Package hyperref Info: Bookmarks ON on input line 4717.
\c@Hy@tempcnt=\count189
 (c:/Users/Eduar/AppData/Roaming/TinyTeX/texmf-dist/tex/latex/url/url.sty
\Urlmuskip=\muskip17
Package: url 2013/09/16  ver 3.4  Verb mode for urls, etc.
)
LaTeX Info: Redefining \url on input line 5076.
\XeTeXLinkMargin=\dimen155

(c:/Users/Eduar/AppData/Roaming/TinyTeX/texmf-dist/tex/generic/bitset/bitset.st
y
Package: bitset 2019/12/09 v1.3 Handle bit-vector datatype (HO)

(c:/Users/Eduar/AppData/Roaming/TinyTeX/texmf-dist/tex/generic/bigintcalc/bigin
tcalc.sty
Package: bigintcalc 2019/12/15 v1.5 Expandable calculations on big integers (HO
)
))
\Fld@menulength=\count190
\Field@Width=\dimen156
\Fld@charsize=\dimen157
Package hyperref Info: Hyper figures OFF on input line 6347.
Package hyperref Info: Link nesting OFF on input line 6352.
Package hyperref Info: Hyper index ON on input line 6355.
Package hyperref Info: backreferencing OFF on input line 6362.
Package hyperref Info: Link coloring OFF on input line 6367.
Package hyperref Info: Link coloring with OCG OFF on input line 6372.
Package hyperref Info: PDF/A mode OFF on input line 6377.
LaTeX Info: Redefining \ref on input line 6417.
LaTeX Info: Redefining \pageref on input line 6421.

(c:/Users/Eduar/AppData/Roaming/TinyTeX/texmf-dist/tex/generic/atbegshi/atbegsh
i.sty
Package: atbegshi 2019/12/05 v1.19 At begin shipout hook (HO)
)
\Hy@abspage=\count191
\c@Item=\count192
\c@Hfootnote=\count193
)
Package hyperref Info: Driver (autodetected): hxetex.

(c:/Users/Eduar/AppData/Roaming/TinyTeX/texmf-dist/tex/latex/hyperref/hxetex.de
f
File: hxetex.def 2020-05-15 v7.00e Hyperref driver for XeTeX

(c:/Users/Eduar/AppData/Roaming/TinyTeX/texmf-dist/tex/latex/hyperref/puenc.def
File: puenc.def 2020-05-15 v7.00e Hyperref: PDF Unicode definition (HO)
)
(c:/Users/Eduar/AppData/Roaming/TinyTeX/texmf-dist/tex/generic/stringenc/string
enc.sty
Package: stringenc 2019/11/29 v1.12 Convert strings between diff. encodings (HO
)
)
\pdfm@box=\box47
\c@Hy@AnnotLevel=\count194
\HyField@AnnotCount=\count195
\Fld@listcount=\count196
\c@bookmark@seq@number=\count197

(c:/Users/Eduar/AppData/Roaming/TinyTeX/texmf-dist/tex/latex/rerunfilecheck/rer
unfilecheck.sty
Package: rerunfilecheck 2019/12/05 v1.9 Rerun checks for auxiliary files (HO)

(c:/Users/Eduar/AppData/Roaming/TinyTeX/texmf-dist/tex/latex/atveryend/atveryen
d.sty
Package: atveryend 2019-12-11 v1.11 Hooks at the very end of document (HO)
Package atveryend Info: \enddocument detected (standard20110627).
)
(c:/Users/Eduar/AppData/Roaming/TinyTeX/texmf-dist/tex/generic/uniquecounter/un
iquecounter.sty
Package: uniquecounter 2019/12/15 v1.4 Provide unlimited unique counter (HO)
)
Package uniquecounter Info: New unique counter `rerunfilecheck' on input line 2
86.
)
\Hy@SectionHShift=\skip52
)
(c:/Users/Eduar/AppData/Roaming/TinyTeX/texmf-dist/tex/generic/stringenc/se-asc
ii-print.def
File: se-ascii-print.def 2019/11/29 v1.12 stringenc: Printable ASCII characters

)
Package hyperref Info: Option `colorlinks' set `true' on input line 20.

(c:/Users/Eduar/AppData/Roaming/TinyTeX/texmf-dist/tex/latex/upquote/upquote.st
y
Package: upquote 2012/04/19 v1.3 upright-quote and grave-accent glyphs in verba
tim

(c:/Users/Eduar/AppData/Roaming/TinyTeX/texmf-dist/tex/latex/base/textcomp.sty
Package: textcomp 2020/02/02 v2.0n Standard LaTeX package
))

! LaTeX Error: File `listings.sty' not found.

Type X to quit or <RETURN> to proceed,
or enter new name. (Default extension: sty)

Enter file name: 
(c:/Users/Eduar/AppData/Roaming/TinyTeX/texmf-dist/tex/latex/xcolor/xcolor.sty
Package: xcolor 2016/05/11 v2.12 LaTeX color extensions (UK)

(c:/Users/Eduar/AppData/Roaming/TinyTeX/texmf-dist/tex/latex/graphics-cfg/color
.cfg
File: color.cfg 2016/01/02 v1.6 sample color configuration
)
Package xcolor Info: Driver file: xetex.def on input line 225.
Package xcolor Info: Model `cmy' substituted by `cmy0' on input line 1348.
Package xcolor Info: Model `RGB' extended on input line 1364.
Package xcolor Info: Model `HTML' substituted by `rgb' on input line 1366.
Package xcolor Info: Model `Hsb' substituted by `hsb' on input line 1367.
Package xcolor Info: Model `tHsb' substituted by `hsb' on input line 1368.
Package xcolor Info: Model `HSB' substituted by `hsb' on input line 1369.
Package xcolor Info: Model `Gray' substituted by `gray' on input line 1370.
Package xcolor Info: Model `wave' substituted by `hsb' on input line 1371.
)
! Undefined control sequence.
<recently read> \lstset 
                        
l.28 \lstset
            {
? 

! LaTeX Error: Missing \begin{document}.

See the LaTeX manual or LaTeX Companion for explanation.
Type  H <return>  for immediate help.
 ...                                              
                                                  
l.29     b
          asicstyle=\ttfamily\footnotesize,
? 

Overfull \hbox (14.73601pt too wide) in paragraph at lines 29--118
[]\TU/lmr/m/n/12 basicstyle=\TU/lmtt/m/n/10 , upquote=true, breaklines=true, br
eakindent=0pt, keepspaces=true,
 []


Overfull \hbox (24.75pt too wide) in paragraph at lines 29--118
\TU/lmtt/m/n/10 showspaces=false, columns=fullflexible, showtabs=false, showstr
ingspaces=false,
 []


Overfull \hbox (46.14798pt too wide) in paragraph at lines 29--118
\TU/lmtt/m/n/10 escapeinside=(*@@*), extendedchars=true,                       
                                                        
 []


(c:/Users/Eduar/AppData/Roaming/TinyTeX/texmf-dist/tex/latex/l3backend/l3backen
d-xdvipdfmx.def
File: l3backend-xdvipdfmx.def 2020-06-18 L3 backend support: xdvipdfmx
\g__graphics_track_int=\count198
\l__pdf_internal_box=\box48
\g__pdf_backend_object_int=\count199
\g__pdf_backend_annotation_int=\count266
)
No file Ordenacao.aux.
\openout1 = `Ordenacao.aux'.

LaTeX Font Info:    Checking defaults for OML/cmm/m/it on input line 120.
LaTeX Font Info:    ... okay on input line 120.
LaTeX Font Info:    Checking defaults for OMS/cmsy/m/n on input line 120.
LaTeX Font Info:    ... okay on input line 120.
LaTeX Font Info:    Checking defaults for OT1/cmr/m/n on input line 120.
LaTeX Font Info:    ... okay on input line 120.
LaTeX Font Info:    Checking defaults for T1/cmr/m/n on input line 120.
LaTeX Font Info:    ... okay on input line 120.
LaTeX Font Info:    Checking defaults for TS1/cmr/m/n on input line 120.
LaTeX Font Info:    Trying to load font information for TS1+cmr on input line 1
20.
(c:/Users/Eduar/AppData/Roaming/TinyTeX/texmf-dist/tex/latex/base/ts1cmr.fd
File: ts1cmr.fd 2019/12/16 v2.5j Standard LaTeX font definitions
)
LaTeX Font Info:    ... okay on input line 120.
LaTeX Font Info:    Checking defaults for TU/lmr/m/n on input line 120.
LaTeX Font Info:    ... okay on input line 120.
LaTeX Font Info:    Checking defaults for OMX/cmex/m/n on input line 120.
LaTeX Font Info:    ... okay on input line 120.
LaTeX Font Info:    Checking defaults for U/cmr/m/n on input line 120.
LaTeX Font Info:    ... okay on input line 120.
LaTeX Font Info:    Checking defaults for PD1/pdf/m/n on input line 120.
LaTeX Font Info:    ... okay on input line 120.
LaTeX Font Info:    Checking defaults for PU/pdf/m/n on input line 120.
LaTeX Font Info:    ... okay on input line 120.

*geometry* driver: auto-detecting
*geometry* detected driver: xetex
*geometry* verbose mode - [ preamble ] result:
* driver: xetex
* paper: a4paper
* layout: <same size as paper>
* layoutoffset:(h,v)=(0.0pt,0.0pt)
* hratio: 1:1
* vratio: 1:1
* modes: 
* h-part:(L,W,R)=(64.0187pt, 469.47046pt, 64.0187pt)
* v-part:(T,H,B)=(64.01874pt, 717.00935pt, 64.01875pt)
* \paperwidth=597.50787pt
* \paperheight=845.04684pt
* \textwidth=469.47046pt
* \textheight=717.00935pt
* \oddsidemargin=-8.25128pt
* \evensidemargin=-8.25128pt
* \topmargin=-45.25125pt
* \headheight=12.0pt
* \headsep=25.0pt
* \topskip=12.0pt
* \footskip=30.0pt
* \marginparwidth=35.0pt
* \marginparsep=10.0pt
* \columnsep=10.0pt
* \skip\footins=10.8pt plus 4.0pt minus 2.0pt
* \hoffset=0.0pt
* \voffset=0.0pt
* \mag=1000
* \@twocolumnfalse
* \@twosidefalse
* \@mparswitchfalse
* \@reversemarginfalse
* (1in=72.27pt=25.4mm, 1cm=28.453pt)

\AtBeginShipoutBox=\box49
Package hyperref Info: Link coloring ON on input line 120.

(c:/Users/Eduar/AppData/Roaming/TinyTeX/texmf-dist/tex/latex/hyperref/nameref.s
ty
Package: nameref 2019/09/16 v2.46 Cross-referencing by name of section

(c:/Users/Eduar/AppData/Roaming/TinyTeX/texmf-dist/tex/latex/refcount/refcount.
sty
Package: refcount 2019/12/15 v3.6 Data extraction from label references (HO)
)
(c:/Users/Eduar/AppData/Roaming/TinyTeX/texmf-dist/tex/generic/gettitlestring/g
ettitlestring.sty
Package: gettitlestring 2019/12/15 v1.6 Cleanup title references (HO)
)
\c@section@level=\count267
)
LaTeX Info: Redefining \ref on input line 120.
LaTeX Info: Redefining \pageref on input line 120.
LaTeX Info: Redefining \nameref on input line 120.
\@outlinefile=\write3
\openout3 = `Ordenacao.out'.



Package hyperref Warning: Rerun to get /PageLabels entry.


! LaTeX Error: Environment lstlisting undefined.

See the LaTeX manual or LaTeX Companion for explanation.
Type  H <return>  for immediate help.
 ...                                              
                                                  
l.124 \begin{lstlisting}
                        
? 

Overfull \hbox (101.14557pt too wide) in paragraph at lines 127--129
[]\TU/lmr/m/n/12 (*@[]\TU/lmr/bx/n/12 using[]\TU/lmr/m/n/12 @*) (*@Juno@*) (*@[
]\TU/lmr/bx/n/12 using[]\TU/lmr/m/n/12 @*) (*@Base@*)(*@[]\TU/lmr/bx/n/12 .[]\T
U/lmr/m/n/12 @*)(*@Threads@*)(*@[]\TU/lmr/bx/n/12 :[]\TU/lmr/m/n/12 @*) (*@nthr
eads@*)(*@,@*)
 []


Overfull \hbox (102.73758pt too wide) in paragraph at lines 130--131
[]\TU/lmr/m/n/12 (*@[]\TU/lmr/bx/n/12 export[]\TU/lmr/m/n/12 @*) (*@insertionso
rt@*)(*@,@*) (*@mergesort@*)(*@,@*) (*@mergesort_por_empresa@*)(*@,@*)
 []


Overfull \hbox (861.35767pt too wide) in paragraph at lines 132--134
[]\TU/lmr/m/n/12 (*@[]\TU/lmr/m/it/12 #—[]\TU/lmr/m/n/12 @*) (*@[]\TU/lmr/m/it/
12 INSERTION[]\TU/lmr/m/n/12 @*) (*@[]\TU/lmr/m/it/12 SORT[]\TU/lmr/m/n/12 @*) 
(*@[]\TU/lmr/bx/n/12 function[]\TU/lmr/m/n/12 @*) (*@[]insertionsort[]@*)(*@(@*
)(*@vetor_entrada@*)(*@[]\TU/lmr/bx/n/12 ::[]\TU/lmr/m/n/12 @*)(*@[]Array[]@*)(
*@{@*)(*@[]Tuple[]@*)(*@{@*)(*@Int64@*)(*@,@*)(*@Int64@*)(*@,@*)(*@Int64@*)(*@,
@*)(*@Float64@*)(*@}})@*) 
 []


Overfull \hbox (552.52559pt too wide) in paragraph at lines 140--141
[]\TU/lmr/m/n/12 (*@[]\TU/lmr/bx/n/12 function[]\TU/lmr/m/n/12 @*) (*@[]inserti
onsort![]@*)(*@(@*)(*@A@*)(*@[]\TU/lmr/bx/n/12 ::[]\TU/lmr/m/n/12 @*)(*@[]Array
[]@*)(*@{@*)(*@[]Tuple[]@*)(*@{@*)(*@Int64@*)(*@,@*)(*@Int64@*)(*@,@*)(*@Int64@
*)(*@,@*)(*@Float64@*)(*@}})@*) 
 []


Overfull \hbox (278.16164pt too wide) in paragraph at lines 142--147
[]\TU/lmr/m/n/12 (*@[]@inbounds[]@*) (*@Juno@*)(*@[]\TU/lmr/bx/n/12 .[]\TU/lmr/
m/n/12 @*)(*@[]@progress[]@*) (*@[]\TU/lmr/bx/n/12 for[]\TU/lmr/m/n/12 @*) (*@i
@*) (*@[]\TU/lmr/bx/n/12 =[]\TU/lmr/m/n/12 @*) (*@[]2[]@*)(*@[]\TU/lmr/bx/n/12 
:[]\TU/lmr/m/n/12 @*)(*@[]length[]@*)(*@(@*)(*@A@*)(*@)@*)
 []


Overfull \hbox (30.13766pt too wide) in paragraph at lines 142--147
\TU/lmr/m/n/12 (*@[]\TU/lmr/m/it/12 #atribuição[]\TU/lmr/m/n/12 @*) (*@[]\TU/lm
r/m/it/12 da[]\TU/lmr/m/n/12 @*) (*@[]\TU/lmr/m/it/12 chave[]\TU/lmr/m/n/12 @*)
 (*@[]\TU/lmr/m/it/12 de[]\TU/lmr/m/n/12 @*) (*@[]\TU/lmr/m/it/12 comparação[]\
TU/lmr/m/n/12 @*) (*@chave@*) (*@[]\TU/lmr/bx/n/12 =[]\TU/lmr/m/n/12 @*)
 []


Overfull \hbox (17.70168pt too wide) in paragraph at lines 148--151
\TU/lmr/m/n/12 (*@[]\TU/lmr/m/it/12 dos[]\TU/lmr/m/n/12 @*) (*@[]\TU/lmr/m/it/1
2 elementos[]\TU/lmr/m/n/12 @*) (*@[]\TU/lmr/m/it/12 anteriores[]\TU/lmr/m/n/12
 @*) (*@[]\TU/lmr/m/it/12 e[]\TU/lmr/m/n/12 @*) (*@[]\TU/lmr/m/it/12 #reposicio
namento[]\TU/lmr/m/n/12 @*) (*@[]\TU/lmr/m/it/12 dos[]\TU/lmr/m/n/12 @*)
 []


Overfull \hbox (78.13362pt too wide) in paragraph at lines 152--158
[]\TU/lmr/m/n/12 (*@[]\TU/lmr/bx/n/12 while[]\TU/lmr/m/n/12 @*) (*@j@*) (*@[]\T
U/lmr/bx/n/12 >[]\TU/lmr/m/n/12 @*) (*@[]0[]@*) (*@[]\TU/lmr/bx/n/12 &&[]\TU/lm
r/m/n/12 @*) (*@A@*)(*@[@*)(*@j@*)(*@][@*)(*@[]4[]@*)(*@]@*)
 []


Overfull \hbox (53.37758pt too wide) in paragraph at lines 152--158
\TU/lmr/m/n/12 (*@[]\TU/lmr/bx/n/12 >[]\TU/lmr/m/n/12 @*) (*@chave@*)(*@[@*)(*@
[]4[]@*)(*@]@*) (*@A@*)(*@[@*)(*@j@*)(*@[]\TU/lmr/bx/n/12 +[]\TU/lmr/m/n/12 @*)
(*@[]1[]@*)(*@]@*)
 []


Overfull \hbox (250.50566pt too wide) in paragraph at lines 152--158
\TU/lmr/m/n/12 (*@[]\TU/lmr/bx/n/12 end[]\TU/lmr/m/n/12 @*) (*@[]\TU/lmr/m/it/1
2 #posicionamento[]\TU/lmr/m/n/12 @*) (*@[]\TU/lmr/m/it/12 final[]\TU/lmr/m/n/1
2 @*) (*@[]\TU/lmr/m/it/12 da[]\TU/lmr/m/n/12 @*) (*@[]\TU/lmr/m/it/12 chave[]\
TU/lmr/m/n/12 @*) (*@[]\TU/lmr/m/it/12 atual[]\TU/lmr/m/n/12 @*) (*@A@*)(*@[@*)
(*@j@*)(*@[]\TU/lmr/bx/n/12 +[]\TU/lmr/m/n/12 @*)(*@[]1[]@*)(*@]@*)
 []


Overfull \hbox (23.50562pt too wide) in paragraph at lines 159--167
\TU/lmr/m/n/12 (*@[]\TU/lmr/m/it/12 #—[]\TU/lmr/m/n/12 @*) (*@[]\TU/lmr/m/it/12
 mergesort[]\TU/lmr/m/n/12 @*) (*@[]\TU/lmr/bx/n/12 function[]\TU/lmr/m/n/12 @*
) (*@[]mergesort_por_empresa[]@*)(*@(@*) (*@ve-
 []


Overfull \hbox (344.96953pt too wide) in paragraph at lines 159--167
\TU/lmr/m/n/12 tor_entrada@*)(*@[]\TU/lmr/bx/n/12 ::[]\TU/lmr/m/n/12 @*)(*@[]Ar
ray[]@*)(*@{@*)(*@[]Tuple[]@*)(*@{@*)(*@Int64@*)(*@,@*)(*@Int64@*)(*@,@*)(*@Int
64@*)(*@,@*)(*@Float64@*)(*@}},@*)
 []


Overfull \hbox (72.19357pt too wide) in paragraph at lines 170--171
[]\TU/lmr/m/n/12 (*@vetores_ordenados_por_empresa@*) (*@[]\TU/lmr/bx/n/12 =[]\T
U/lmr/m/n/12 @*) (*@[]similar[]@*)(*@(@*)(*@vetor_entrada@*)(*@)@*) 
 []


Overfull \hbox (28.5656pt too wide) in paragraph at lines 172--175
[]\TU/lmr/m/n/12 (*@tamanho_array@*) (*@[]\TU/lmr/bx/n/12 =[]\TU/lmr/m/n/12 @*)
 (*@[]length[]@*)(*@(@*)(*@vetor_entrada@*)(*@)@*) (*@m@*)
 []


Overfull \hbox (78.27757pt too wide) in paragraph at lines 176--177
[]\TU/lmr/m/n/12 (*@vetor_indices@*) (*@[]\TU/lmr/bx/n/12 =[]\TU/lmr/m/n/12 @*)
 (*@[@*)(*@[]1[]@*)(*@[]\TU/lmr/bx/n/12 :[]\TU/lmr/m/n/12 @*)(*@[]1[]@*)(*@[]\T
U/lmr/bx/n/12 :[]\TU/lmr/m/n/12 @*)(*@tamanho_array@*)(*@;]@*) 
 []


Overfull \hbox (39.62158pt too wide) in paragraph at lines 178--179
[]\TU/lmr/m/n/12 (*@n_colunas@*) (*@[]\TU/lmr/bx/n/12 =[]\TU/lmr/m/n/12 @*) (*@
[]Int[]@*)(*@(@*)(*@tamanho_array@*) (*@[]\TU/lmr/bx/n/12 /[]\TU/lmr/m/n/12 @*)
 (*@m@*)(*@)@*) 
 []


Overfull \hbox (112.01358pt too wide) in paragraph at lines 180--184
[]\TU/lmr/m/n/12 (*@matriz_indices@*) (*@[]\TU/lmr/bx/n/12 =[]\TU/lmr/m/n/12 @*
) (*@[]reshape[]@*)(*@(@*)(*@vetor_indices@*)(*@,@*) (*@n_colunas@*)(*@,@*)
 []


Overfull \hbox (62.38956pt too wide) in paragraph at lines 180--184
\TU/lmr/m/n/12 (*@m@*)(*@)@*) (*@matriz_indices@*)(*@[@*)(*@[]\TU/lmr/bx/n/12 :
[]\TU/lmr/m/n/12 @*)(*@,@*) (*@[]100[]@*)(*@][@*)(*@[]1[]@*)(*@]@*)
 []


Overfull \hbox (98.75766pt too wide) in paragraph at lines 180--184
\TU/lmr/m/n/12 (*@[]\TU/lmr/m/it/12 #[]\TU/lmr/m/n/12 @*) (*@[]\TU/lmr/m/it/12 
entrada_vetorial[]\TU/lmr/m/n/12 @*) (*@[]\TU/lmr/m/it/12 =[]\TU/lmr/m/n/12 @*)
 (*@[]\TU/lmr/m/it/12 #[]\TU/lmr/m/n/12 @*) (*@[]\TU/lmr/m/it/12 Array{Tuple{In
t64,Int64,Int64,Float64}}(undef,[]\TU/lmr/m/n/12 @*)
 []


Overfull \hbox (421.72961pt too wide) in paragraph at lines 186--189
[]\TU/lmr/m/n/12 (*@[]@inbounds[]@*) (*@[]\TU/lmr/bx/n/12 for[]\TU/lmr/m/n/12 @
*) (*@i@*) (*@[]\TU/lmr/bx/n/12 =[]\TU/lmr/m/n/12 @*) (*@[]1[]@*)(*@[]\TU/lmr/b
x/n/12 :[]\TU/lmr/m/n/12 @*)(*@m@*) (*@vetores_ordenados_por_empresa@*)(*@[@*)(
*@matriz_indices@*)(*@[@*)(*@[]\TU/lmr/bx/n/12 :[]\TU/lmr/m/n/12 @*)(*@,@*)
 []


Overfull \hbox (206.16156pt too wide) in paragraph at lines 186--189
\TU/lmr/m/n/12 (*@i@*)(*@]]@*) (*@[]\TU/lmr/bx/n/12 =[]\TU/lmr/m/n/12 @*) (*@[]
mergesort[]@*)(*@(@*)(*@vetor_entrada@*)(*@[@*)(*@matriz_indices@*)(*@[@*)(*@[]
\TU/lmr/bx/n/12 :[]\TU/lmr/m/n/12 @*)(*@,@*)
 []


Overfull \hbox (25.78171pt too wide) in paragraph at lines 192--231
\TU/lmr/m/n/12 (*@[]\TU/lmr/m/it/12 #[]\TU/lmr/m/n/12 @*) (*@[]\TU/lmr/m/it/12 
vetor_indices[]\TU/lmr/m/n/12 @*) (*@[]\TU/lmr/m/it/12 =[]\TU/lmr/m/n/12 @*) (*
@[]\TU/lmr/m/it/12 vec(ones(Int64,[]\TU/lmr/m/n/12 @*) (*@[]\TU/lmr/m/it/12 1,[
]\TU/lmr/m/n/12 @*) (*@[]\TU/lmr/m/it/12 m))[]\TU/lmr/m/n/12 @*) (*@[]\TU/lmr/m
/it/12 #[]\TU/lmr/m/n/12 @*)
 []


Overfull \hbox (12.06964pt too wide) in paragraph at lines 192--231
\TU/lmr/m/n/12 (*@[]\TU/lmr/m/it/12 #[]\TU/lmr/m/n/12 @*) (*@[]\TU/lmr/m/it/12 
separa_contratos_ordenados_empresas(x::Int64)[]\TU/lmr/m/n/12 @*) (*@[]\TU/lmr/
m/it/12 =[]\TU/lmr/m/n/12 @*) (*@[]\TU/lmr/m/it/12 #[]\TU/lmr/m/n/12 @*) (*@[]\
TU/lmr/m/it/12 ve-
 []


Overfull \hbox (55.31363pt too wide) in paragraph at lines 192--231
\TU/lmr/m/it/12 tores_ordenados_por_empresa[matriz_indices[:,[]\TU/lmr/m/n/12 @
*) (*@[]\TU/lmr/m/it/12 x]][]\TU/lmr/m/n/12 @*) (*@[]\TU/lmr/m/it/12 #[]\TU/lmr
/m/n/12 @*) (*@[]\TU/lmr/m/it/12 empresas_ordenadas[]\TU/lmr/m/n/12 @*)
 []


Overfull \hbox (70.0497pt too wide) in paragraph at lines 192--231
\TU/lmr/m/n/12 (*@[]\TU/lmr/m/it/12 length(lista_empresas)[]\TU/lmr/m/n/12 @*) 
(*@[]\TU/lmr/m/it/12 >[]\TU/lmr/m/n/12 @*) (*@[]\TU/lmr/m/it/12 1[]\TU/lmr/m/n/
12 @*) (*@[]\TU/lmr/m/it/12 #[]\TU/lmr/m/n/12 @*) (*@[]\TU/lmr/m/it/12 #[]\TU/l
mr/m/n/12 @*) (*@[]\TU/lmr/m/it/12 #[]\TU/lmr/m/n/12 @*) (*@[]\TU/lmr/m/it/12 l
ista_comparacao[]\TU/lmr/m/n/12 @*)
 []


Overfull \hbox (13.02966pt too wide) in paragraph at lines 192--231
\TU/lmr/m/n/12 (*@[]\TU/lmr/m/it/12 =[]\TU/lmr/m/n/12 @*) (*@[]\TU/lmr/m/it/12 
map(busca_empresa_individual,[]\TU/lmr/m/n/12 @*) (*@[]\TU/lmr/m/it/12 lista_em
presas)[]\TU/lmr/m/n/12 @*) (*@[]\TU/lmr/m/it/12 #[]\TU/lmr/m/n/12 @*) (*@[]\TU
/lmr/m/it/12 #[]\TU/lmr/m/n/12 @*)
 []


Overfull \hbox (32.38966pt too wide) in paragraph at lines 192--231
\TU/lmr/m/n/12 (*@[]\TU/lmr/m/it/12 valor_min,[]\TU/lmr/m/n/12 @*) (*@[]\TU/lmr
/m/it/12 indice[]\TU/lmr/m/n/12 @*) (*@[]\TU/lmr/m/it/12 =[]\TU/lmr/m/n/12 @*) 
(*@[]\TU/lmr/m/it/12 findmin(lista_comparacao)[]\TU/lmr/m/n/12 @*) (*@[]\TU/lmr
/m/it/12 #[]\TU/lmr/m/n/12 @*) (*@[]\TU/lmr/m/it/12 #[]\TU/lmr/m/n/12 @*)
 []


Overfull \hbox (23.71367pt too wide) in paragraph at lines 192--231
\TU/lmr/m/n/12 (*@[]\TU/lmr/m/it/12 resultado[i][]\TU/lmr/m/n/12 @*) (*@[]\TU/l
mr/m/it/12 =[]\TU/lmr/m/n/12 @*) (*@[]\TU/lmr/m/it/12 empresas_ordenadas[indice
][1][]\TU/lmr/m/n/12 @*) (*@[]\TU/lmr/m/it/12 #[]\TU/lmr/m/n/12 @*) (*@[]\TU/lm
r/m/it/12 #[]\TU/lmr/m/n/12 @*) (*@[]\TU/lmr/m/it/12 pop-
 []


Overfull \hbox (68.72163pt too wide) in paragraph at lines 192--231
\TU/lmr/m/it/12 first!(empresas_ordenadas[indice])[]\TU/lmr/m/n/12 @*) (*@[]\TU
/lmr/m/it/12 #[]\TU/lmr/m/n/12 @*) (*@[]\TU/lmr/m/it/12 #[]\TU/lmr/m/n/12 @*) (
*@[]\TU/lmr/m/it/12 if[]\TU/lmr/m/n/12 @*) (*@[]\TU/lmr/m/it/12 length(empresas
_ordenadas)[]\TU/lmr/m/n/12 @*)
 []


Overfull \hbox (35.44171pt too wide) in paragraph at lines 192--231
\TU/lmr/m/n/12 (*@[]\TU/lmr/m/it/12 ==[]\TU/lmr/m/n/12 @*) (*@[]\TU/lmr/m/it/12
 0[]\TU/lmr/m/n/12 @*) (*@[]\TU/lmr/m/it/12 #[]\TU/lmr/m/n/12 @*) (*@[]\TU/lmr/
m/it/12 delete!(lista_empresas,[]\TU/lmr/m/n/12 @*) (*@[]\TU/lmr/m/it/12 indice
)[]\TU/lmr/m/n/12 @*) (*@[]\TU/lmr/m/it/12 #[]\TU/lmr/m/n/12 @*) (*@[]\TU/lmr/m
/it/12 end[]\TU/lmr/m/n/12 @*)
 []


Overfull \hbox (82.68965pt too wide) in paragraph at lines 192--231
\TU/lmr/m/n/12 (*@[]\TU/lmr/m/it/12 #[]\TU/lmr/m/n/12 @*) (*@[]\TU/lmr/m/it/12 
#[]\TU/lmr/m/n/12 @*) (*@[]\TU/lmr/m/it/12 resultado[i:end][]\TU/lmr/m/n/12 @*)
 (*@[]\TU/lmr/m/it/12 =[]\TU/lmr/m/n/12 @*) (*@[]\TU/lmr/m/it/12 empresas_orden
adas[lista_empresas[1]][1:end][]\TU/lmr/m/n/12 @*)
 []


Overfull \hbox (600.46559pt too wide) in paragraph at lines 235--236
[]\TU/lmr/m/n/12 (*@[]\TU/lmr/bx/n/12 function[]\TU/lmr/m/n/12 @*) (*@[]mergeso
rt[]@*)(*@(@*)(*@vetor_entrada@*)(*@[]\TU/lmr/bx/n/12 ::[]\TU/lmr/m/n/12 @*)(*@
[]Array[]@*)(*@{@*)(*@[]Tuple[]@*)(*@{@*)(*@Int64@*)(*@,@*)(*@Int64@*)(*@,@*)(*
@Int64@*)(*@,@*)(*@Float64@*)(*@}})@*) 
 []


Overfull \vbox (280.82452pt too high) has occurred while \output is active []


[1

]
Overfull \hbox (603.7296pt too wide) in paragraph at lines 242--243
[]\TU/lmr/m/n/12 (*@[]\TU/lmr/bx/n/12 function[]\TU/lmr/m/n/12 @*) (*@[]mergeso
rt![]@*)(*@(@*)(*@vetor_entrada@*)(*@[]\TU/lmr/bx/n/12 ::[]\TU/lmr/m/n/12 @*)(*
@[]Array[]@*)(*@{@*)(*@[]Tuple[]@*)(*@{@*)(*@Int64@*)(*@,@*)(*@Int64@*)(*@,@*)(
*@Int64@*)(*@,@*)(*@Float64@*)(*@}})@*) 
 []

LaTeX Font Info:    Trying to load font information for OT1+lmr on input line 2
45.
(c:/Users/Eduar/AppData/Roaming/TinyTeX/texmf-dist/tex/latex/lm/ot1lmr.fd
File: ot1lmr.fd 2009/10/30 v1.6 Font defs for Latin Modern
)
LaTeX Font Info:    Trying to load font information for OML+lmm on input line 2
45.

(c:/Users/Eduar/AppData/Roaming/TinyTeX/texmf-dist/tex/latex/lm/omllmm.fd
File: omllmm.fd 2009/10/30 v1.6 Font defs for Latin Modern
)
LaTeX Font Info:    Trying to load font information for OMS+lmsy on input line 
245.

(c:/Users/Eduar/AppData/Roaming/TinyTeX/texmf-dist/tex/latex/lm/omslmsy.fd
File: omslmsy.fd 2009/10/30 v1.6 Font defs for Latin Modern
)
LaTeX Font Info:    Trying to load font information for OMX+lmex on input line 
245.

(c:/Users/Eduar/AppData/Roaming/TinyTeX/texmf-dist/tex/latex/lm/omxlmex.fd
File: omxlmex.fd 2009/10/30 v1.6 Font defs for Latin Modern
)
LaTeX Font Info:    External font `lmex10' loaded for size
(Font)              <12> on input line 245.
LaTeX Font Info:    External font `lmex10' loaded for size
(Font)              <8> on input line 245.
LaTeX Font Info:    External font `lmex10' loaded for size
(Font)              <6> on input line 245.
LaTeX Font Info:    Trying to load font information for U+msa on input line 245
.

(c:/Users/Eduar/AppData/Roaming/TinyTeX/texmf-dist/tex/latex/amsfonts/umsa.fd
File: umsa.fd 2013/01/14 v3.01 AMS symbols A
)
LaTeX Font Info:    Trying to load font information for U+msb on input line 245
.

(c:/Users/Eduar/AppData/Roaming/TinyTeX/texmf-dist/tex/latex/amsfonts/umsb.fd
File: umsb.fd 2013/01/14 v3.01 AMS symbols B
)
Overfull \hbox (237.8377pt too wide) in paragraph at lines 244--249
\TU/lmr/m/it/12 primento[]\TU/lmr/m/n/12 @*) (*@[]\TU/lmr/m/it/12 de[]\TU/lmr/m
/n/12 @*) (*@[]\TU/lmr/m/it/12 1,[]\TU/lmr/m/n/12 @*) (*@[]\TU/lmr/m/it/12 reto
rna[]\TU/lmr/m/n/12 @*) (*@[]\TU/lmr/m/it/12 ele[]\TU/lmr/m/n/12 @*) (*@[]\TU/l
mr/m/it/12 mesmo[]\TU/lmr/m/n/12 @*) (*@[]\TU/lmr/bx/n/12 if[]\TU/lmr/m/n/12 @*
) (*@[]length[]@*)(*@(@*)(*@vetor_entrada@*)(*@)@*)
 []


Overfull \hbox (18.38704pt too wide) in paragraph at lines 244--249
\TU/lmr/m/n/12 (*@[]$\OMS/lmsy/m/n/12 ^^T$[]\TU/lmr/m/n/12 @*) (*@[]1[]@*) (*@[
]\TU/lmr/bx/n/12 return[]\TU/lmr/m/n/12 @*) (*@vetor_entrada@*) (*@[]\TU/lmr/bx
/n/12 end[]\TU/lmr/m/n/12 @*) (*@[]\TU/lmr/m/it/12 #calcula[]\TU/lmr/m/n/12 @*)
 (*@[]\TU/lmr/m/it/12 o[]\TU/lmr/m/n/12 @*)
 []


Overfull \hbox (302.8616pt too wide) in paragraph at lines 252--258
\TU/lmr/m/n/12 (*@[]\TU/lmr/m/it/12 esquerda[]\TU/lmr/m/n/12 @*) (*@parte_esque
rda@*) (*@[]\TU/lmr/bx/n/12 =[]\TU/lmr/m/n/12 @*) (*@[]mergesort![]@*)(*@(@*)(*
@vetor_entrada@*)(*@[@*)(*@[]1[]@*)(*@[]\TU/lmr/bx/n/12 :[]\TU/lmr/m/n/12 @*)(*
@p_medio@*)(*@])@*)
 []


Overfull \hbox (390.61763pt too wide) in paragraph at lines 252--258
\TU/lmr/m/n/12 (*@[]\TU/lmr/m/it/12 direita[]\TU/lmr/m/n/12 @*) (*@parte_direit
a@*) (*@[]\TU/lmr/bx/n/12 =[]\TU/lmr/m/n/12 @*) (*@[]mergesort![]@*)(*@(@*)(*@v
etor_entrada@*)(*@[@*)(*@p_medio@*)(*@[]\TU/lmr/bx/n/12 +[]\TU/lmr/m/n/12 @*)(*
@[]1[]@*)(*@[]\TU/lmr/bx/n/12 :[]\TU/lmr/m/n/12 @*)(*@[]\TU/lmr/bx/n/12 end[]\T
U/lmr/m/n/12 @*)(*@])@*)
 []


Overfull \hbox (8.34567pt too wide) in paragraph at lines 252--258
\TU/lmr/m/n/12 (*@[]\TU/lmr/m/it/12 #formata[]\TU/lmr/m/n/12 @*) (*@[]\TU/lmr/m
/it/12 o[]\TU/lmr/m/n/12 @*) (*@[]\TU/lmr/m/it/12 resultado[]\TU/lmr/m/n/12 @*)
 (*@[]\TU/lmr/m/it/12 para[]\TU/lmr/m/n/12 @*) (*@[]\TU/lmr/m/it/12 ser[]\TU/lm
r/m/n/12 @*) (*@[]\TU/lmr/m/it/12 similar[]\TU/lmr/m/n/12 @*) (*@[]\TU/lmr/m/it
/12 ao[]\TU/lmr/m/n/12 @*)
 []


Overfull \hbox (96.68161pt too wide) in paragraph at lines 252--258
\TU/lmr/m/n/12 (*@[]\TU/lmr/m/it/12 vetor[]\TU/lmr/m/n/12 @*) (*@[]\TU/lmr/m/it
/12 de[]\TU/lmr/m/n/12 @*) (*@[]\TU/lmr/m/it/12 entrada[]\TU/lmr/m/n/12 @*) (*@
[]\TU/lmr/bx/n/12 return[]\TU/lmr/m/n/12 @*) (*@[]integrar[]@*)(*@(@*)(*@parte_
esquerda@*)(*@,@*)
 []


Overfull \hbox (598.16554pt too wide) in paragraph at lines 262--274
[]\TU/lmr/m/n/12 (*@[]\TU/lmr/bx/n/12 function[]\TU/lmr/m/n/12 @*) (*@[]integra
r[]@*)(*@(@*) (*@parte_esquerda@*)(*@[]\TU/lmr/bx/n/12 ::[]\TU/lmr/m/n/12 @*)(*
@[]Array[]@*)(*@{@*)(*@[]Tuple[]@*)(*@{@*)(*@Int64@*)(*@,@*)(*@Int64@*)(*@,@*)(
*@Int64@*)(*@,@*)(*@Float64@*)(*@}},@*)
 []


Overfull \hbox (370.75752pt too wide) in paragraph at lines 262--274
\TU/lmr/m/n/12 (*@parte_direita@*)(*@[]\TU/lmr/bx/n/12 ::[]\TU/lmr/m/n/12 @*)(*
@[]Array[]@*)(*@{@*)(*@[]Tuple[]@*)(*@{@*)(*@Int64@*)(*@,@*)(*@Int64@*)(*@,@*)(
*@Int64@*)(*@,@*)(*@Float64@*)(*@}},@*)
 []


Overfull \hbox (15.60562pt too wide) in paragraph at lines 262--274
\TU/lmr/m/n/12 (*@)@*) (*@i@*) (*@[]\TU/lmr/bx/n/12 =[]\TU/lmr/m/n/12 @*) (*@in
dice_direita@*) (*@[]\TU/lmr/bx/n/12 =[]\TU/lmr/m/n/12 @*) (*@indice_esquerda@*
) (*@[]\TU/lmr/bx/n/12 =[]\TU/lmr/m/n/12 @*)
 []


Overfull \hbox (406.14563pt too wide) in paragraph at lines 262--274
\TU/lmr/m/n/12 (*@[]1[]@*) (*@resultado@*) (*@[]\TU/lmr/bx/n/12 =[]\TU/lmr/m/n/
12 @*) (*@[]Array[]@*)(*@{@*)(*@[]Tuple[]@*)(*@{@*)(*@Int64@*)(*@,@*)(*@Int64@*
)(*@,@*)(*@Int64@*)(*@,@*)(*@Float64@*)(*@}}(@*)
 []


Overfull \hbox (246.4016pt too wide) in paragraph at lines 262--274
\TU/lmr/m/n/12 (*@undef@*)(*@,@*) (*@[]length[]@*)(*@(@*)(*@parte_direita@*)(*@
)@*) (*@[]\TU/lmr/bx/n/12 +[]\TU/lmr/m/n/12 @*) (*@[]length[]@*)(*@(@*)(*@parte
_esquerda@*)(*@),@*)
 []


Overfull \hbox (32.7777pt too wide) in paragraph at lines 262--274
\TU/lmr/m/n/12 (*@[]\TU/lmr/m/it/12 parte[]\TU/lmr/m/n/12 @*) (*@[]\TU/lmr/m/it
/12 direita[]\TU/lmr/m/n/12 @*) (*@[]\TU/lmr/m/it/12 dos[]\TU/lmr/m/n/12 @*) (*
@[]\TU/lmr/m/it/12 subvetores[]\TU/lmr/m/n/12 @*) (*@[]\TU/lmr/m/it/12 #enquant
o[]\TU/lmr/m/n/12 @*) (*@[]\TU/lmr/m/it/12 não[]\TU/lmr/m/n/12 @*) (*@[]\TU/lmr
/m/it/12 se[]\TU/lmr/m/n/12 @*)
 []


Overfull \hbox (58.07094pt too wide) in paragraph at lines 275--277
[]\TU/lmr/m/n/12 (*@[]\TU/lmr/bx/n/12 while[]\TU/lmr/m/n/12 @*) (*@indice_esque
rda@*) (*@[]$\OMS/lmsy/m/n/12 ^^T$[]\TU/lmr/m/n/12 @*) (*@[]length[]@*)(*@(@*)(
*@parte_esquerda@*)(*@)@*)
 []


Overfull \hbox (25.17896pt too wide) in paragraph at lines 275--277
\TU/lmr/m/n/12 (*@[]\TU/lmr/bx/n/12 &&[]\TU/lmr/m/n/12 @*) (*@indice_direita@*)
 (*@[]$\OMS/lmsy/m/n/12 ^^T$[]\TU/lmr/m/n/12 @*) (*@[]length[]@*)(*@(@*)(*@part
e_direita@*)(*@)@*) 
 []


Overfull \hbox (28.27095pt too wide) in paragraph at lines 278--289
\TU/lmr/m/n/12 (*@[]$\OMS/lmsy/m/n/12 ^^T$[]\TU/lmr/m/n/12 @*) (*@parte_direita
@*)(*@[@*)(*@indice_direita@*)(*@][@*)(*@[]4[]@*)(*@]@*) (*@[]\TU/lmr/m/it/12 #
[]\TU/lmr/m/n/12 @*)
 []


Overfull \hbox (93.33759pt too wide) in paragraph at lines 278--289
\TU/lmr/m/n/12 (*@[]\TU/lmr/m/it/12 append!(resultado,[]\TU/lmr/m/n/12 @*) (*@[
]\TU/lmr/m/it/12 parte_esquerda[indice_esquerda])[]\TU/lmr/m/n/12 @*) (*@result
ado@*)(*@[@*)(*@i@*)(*@]@*)
 []


Overfull \hbox (35.52156pt too wide) in paragraph at lines 278--289
\TU/lmr/m/n/12 (*@[]\TU/lmr/bx/n/12 =[]\TU/lmr/m/n/12 @*) (*@parte_esquerda@*)(
*@[@*)(*@indice_esquerda@*)(*@]@*) (*@indice_esquerda@*)
 []


Overfull \hbox (80.67766pt too wide) in paragraph at lines 278--289
\TU/lmr/m/n/12 (*@[]\TU/lmr/bx/n/12 +=[]\TU/lmr/m/n/12 @*) (*@[]1[]@*) (*@[]\TU
/lmr/bx/n/12 else[]\TU/lmr/m/n/12 @*) (*@[]\TU/lmr/m/it/12 #[]\TU/lmr/m/n/12 @*
) (*@[]\TU/lmr/m/it/12 append!(resultado,[]\TU/lmr/m/n/12 @*) (*@[]\TU/lmr/m/it
/12 parte_direita[indice_direita])[]\TU/lmr/m/n/12 @*)
 []


Overfull \hbox (103.38158pt too wide) in paragraph at lines 278--289
\TU/lmr/m/n/12 (*@resultado@*)(*@[@*)(*@i@*)(*@]@*) (*@[]\TU/lmr/bx/n/12 =[]\TU
/lmr/m/n/12 @*) (*@parte_direita@*)(*@[@*)(*@indice_direita@*)(*@]@*)
 []


Overfull \hbox (33.78969pt too wide) in paragraph at lines 278--289
\TU/lmr/m/n/12 (*@indice_direita@*) (*@[]\TU/lmr/bx/n/12 +=[]\TU/lmr/m/n/12 @*)
 (*@[]1[]@*) (*@[]\TU/lmr/bx/n/12 end[]\TU/lmr/m/n/12 @*) (*@i@*) (*@[]\TU/lmr/
bx/n/12 +=[]\TU/lmr/m/n/12 @*) (*@[]1[]@*) (*@[]\TU/lmr/bx/n/12 end[]\TU/lmr/m/
n/12 @*) 
 []


Overfull \hbox (27.52168pt too wide) in paragraph at lines 290--292
[]\TU/lmr/m/n/12 (*@[]\TU/lmr/m/it/12 #Completa[]\TU/lmr/m/n/12 @*) (*@[]\TU/lm
r/m/it/12 o[]\TU/lmr/m/n/12 @*) (*@[]\TU/lmr/m/it/12 vetor[]\TU/lmr/m/n/12 @*) 
(*@[]\TU/lmr/m/it/12 Resultado[]\TU/lmr/m/n/12 @*) (*@[]\TU/lmr/m/it/12 com[]\T
U/lmr/m/n/12 @*) (*@[]\TU/lmr/m/it/12 o[]\TU/lmr/m/n/12 @*) (*@[]\TU/lmr/m/it/1
2 restante[]\TU/lmr/m/n/12 @*)
 []


Overfull \hbox (309.97357pt too wide) in paragraph at lines 297--298
[]\TU/lmr/m/n/12 (*@resultado@*)(*@[@*)(*@i@*)(*@[]\TU/lmr/bx/n/12 :[]\TU/lmr/m
/n/12 @*)(*@[]\TU/lmr/bx/n/12 end[]\TU/lmr/m/n/12 @*)(*@]@*) (*@[]\TU/lmr/bx/n/
12 =[]\TU/lmr/m/n/12 @*) (*@parte_direita@*)(*@[@*)(*@indice_direita@*)(*@[]\TU
/lmr/bx/n/12 :[]\TU/lmr/m/n/12 @*)(*@[]\TU/lmr/bx/n/12 end[]\TU/lmr/m/n/12 @*)(
*@]@*) 
 []

[2]
Overfull \hbox (396.13757pt too wide) in paragraph at lines 299--302
[]\TU/lmr/m/n/12 (*@[]\TU/lmr/bx/n/12 else[]\TU/lmr/m/n/12 @*) (*@resultado@*)(
*@[@*)(*@i@*)(*@[]\TU/lmr/bx/n/12 :[]\TU/lmr/m/n/12 @*)(*@[]\TU/lmr/bx/n/12 end
[]\TU/lmr/m/n/12 @*)(*@]@*) (*@[]\TU/lmr/bx/n/12 =[]\TU/lmr/m/n/12 @*) (*@parte
_esquerda@*)(*@[@*)(*@indice_esquerda@*)(*@[]\TU/lmr/bx/n/12 :[]\TU/lmr/m/n/12 
@*)(*@[]\TU/lmr/bx/n/12 end[]\TU/lmr/m/n/12 @*)(*@]@*)
 []


Overfull \hbox (5.58568pt too wide) in paragraph at lines 312--320
[]\TU/lmr/m/n/12 (*@[]\TU/lmr/m/it/12 #função[]\TU/lmr/m/n/12 @*) (*@[]\TU/lmr/
m/it/12 auxiliar[]\TU/lmr/m/n/12 @*) (*@[]\TU/lmr/m/it/12 para[]\TU/lmr/m/n/12 
@*) (*@[]\TU/lmr/m/it/12 realizar[]\TU/lmr/m/n/12 @*) (*@[]\TU/lmr/m/it/12 a[]\
TU/lmr/m/n/12 @*) (*@[]\TU/lmr/m/it/12 troca[]\TU/lmr/m/n/12 @*) (*@[]\TU/lmr/m
/it/12 de[]\TU/lmr/m/n/12 @*)
 []


Overfull \hbox (89.24567pt too wide) in paragraph at lines 312--320
\TU/lmr/m/n/12 (*@[]\TU/lmr/m/it/12 posição[]\TU/lmr/m/n/12 @*) (*@[]\TU/lmr/m/
it/12 entre[]\TU/lmr/m/n/12 @*) (*@[]\TU/lmr/m/it/12 dois[]\TU/lmr/m/n/12 @*) (
*@[]\TU/lmr/m/it/12 elementos[]\TU/lmr/m/n/12 @*) (*@[]\TU/lmr/bx/n/12 function
[]\TU/lmr/m/n/12 @*) (*@[]troca_elementos[]@*)(*@(@*)
 []


Overfull \hbox (375.66553pt too wide) in paragraph at lines 312--320
\TU/lmr/m/n/12 (*@vetor_entrada@*)(*@[]\TU/lmr/bx/n/12 ::[]\TU/lmr/m/n/12 @*)(*
@[]Array[]@*)(*@{@*)(*@[]Tuple[]@*)(*@{@*)(*@Int64@*)(*@,@*)(*@Int64@*)(*@,@*)(
*@Int64@*)(*@,@*)(*@Float64@*)(*@}},@*)
 []


Overfull \hbox (12.20956pt too wide) in paragraph at lines 312--320
\TU/lmr/m/n/12 (*@i@*)(*@[]\TU/lmr/bx/n/12 ::[]\TU/lmr/m/n/12 @*)(*@Int64@*)(*@
,@*) (*@j@*)(*@[]\TU/lmr/bx/n/12 ::[]\TU/lmr/m/n/12 @*)(*@Int64@*)(*@,@*) (*@)@
*) (*@ve-
 []


Overfull \hbox (39.02556pt too wide) in paragraph at lines 312--320
\TU/lmr/m/n/12 tor_entrada@*)(*@[@*)(*@i@*)(*@],@*) (*@vetor_entrada@*)(*@[@*)(
*@j@*)(*@]@*) (*@[]\TU/lmr/bx/n/12 =[]\TU/lmr/m/n/12 @*)
 []


Overfull \hbox (17.42155pt too wide) in paragraph at lines 312--320
\TU/lmr/m/n/12 (*@vetor_entrada@*)(*@[@*)(*@j@*)(*@],@*) (*@vetor_entrada@*)(*@
[@*)(*@i@*)(*@]@*)
 []


Overfull \hbox (622.58556pt too wide) in paragraph at lines 322--341
[]\TU/lmr/m/n/12 (*@[]\TU/lmr/bx/n/12 function[]\TU/lmr/m/n/12 @*) (*@[]max_hea
pify![]@*)(*@(@*) (*@vetor_entrada@*)(*@[]\TU/lmr/bx/n/12 ::[]\TU/lmr/m/n/12 @*
)(*@[]Array[]@*)(*@{@*)(*@[]Tuple[]@*)(*@{@*)(*@Int64@*)(*@,@*)(*@Int64@*)(*@,@
*)(*@Int64@*)(*@,@*)(*@Float64@*)(*@}},@*)
 []


Overfull \hbox (6.79356pt too wide) in paragraph at lines 322--341
\TU/lmr/m/n/12 (*@first@*)(*@[]\TU/lmr/bx/n/12 ::[]\TU/lmr/m/n/12 @*)(*@Int64@*
)(*@,@*) (*@last@*)(*@[]\TU/lmr/bx/n/12 ::[]\TU/lmr/m/n/12 @*)(*@Int64@*)(*@,@*
) (*@)@*)
 []


Overfull \hbox (23.15768pt too wide) in paragraph at lines 322--341
\TU/lmr/m/n/12 (*@[]\TU/lmr/m/it/12 #c[]\TU/lmr/m/n/12 @*) (*@[]\TU/lmr/m/it/12
 =[]\TU/lmr/m/n/12 @*) (*@[]\TU/lmr/m/it/12 2*363000-1[]\TU/lmr/m/n/12 @*) (*@[
]\TU/lmr/m/it/12 =[]\TU/lmr/m/n/12 @*) (*@[]\TU/lmr/m/it/12 726599[]\TU/lmr/m/n
/12 @*) (*@[]\TU/lmr/m/it/12 e[]\TU/lmr/m/n/12 @*) (*@[]\TU/lmr/m/it/12 last[]\
TU/lmr/m/n/12 @*) (*@[]\TU/lmr/m/it/12 =[]\TU/lmr/m/n/12 @*)
 []


Overfull \hbox (19.61766pt too wide) in paragraph at lines 322--341
\TU/lmr/m/n/12 (*@(@*)(*@c@*) (*@[]\TU/lmr/bx/n/12 =[]\TU/lmr/m/n/12 @*) (*@[]2
[]@*) (*@[]\TU/lmr/bx/n/12 *[]\TU/lmr/m/n/12 @*) (*@first@*) (*@[]\TU/lmr/bx/n/
12 -[]\TU/lmr/m/n/12 @*) (*@[]1[]@*)(*@)@*) (*@[]\TU/lmr/bx/n/12 <[]\TU/lmr/m/n
/12 @*)
 []


Overfull \hbox (3.2257pt too wide) in paragraph at lines 322--341
\TU/lmr/m/n/12 (*@[]\TU/lmr/m/it/12 o[]\TU/lmr/m/n/12 @*) (*@[]\TU/lmr/m/it/12 
valor[]\TU/lmr/m/n/12 @*) (*@[]\TU/lmr/m/it/12 do[]\TU/lmr/m/n/12 @*) (*@[]\TU/
lmr/m/it/12 vetor[]\TU/lmr/m/n/12 @*) (*@[]\TU/lmr/m/it/12 na[]\TU/lmr/m/n/12 @
*) (*@[]\TU/lmr/m/it/12 posição[]\TU/lmr/m/n/12 @*) (*@[]\TU/lmr/m/it/12 c[]\TU
/lmr/m/n/12 @*) (*@[]\TU/lmr/m/it/12 for[]\TU/lmr/m/n/12 @*)
 []


Overfull \hbox (7.82167pt too wide) in paragraph at lines 322--341
\TU/lmr/m/n/12 (*@[]\TU/lmr/m/it/12 menor[]\TU/lmr/m/n/12 @*) (*@[]\TU/lmr/m/it
/12 que[]\TU/lmr/m/n/12 @*) (*@[]\TU/lmr/m/it/12 o[]\TU/lmr/m/n/12 @*) (*@[]\TU
/lmr/m/it/12 posterior[]\TU/lmr/m/n/12 @*) (*@[]\TU/lmr/bx/n/12 if[]\TU/lmr/m/n
/12 @*) (*@c@*) (*@[]\TU/lmr/bx/n/12 <[]\TU/lmr/m/n/12 @*) (*@last@*)
 []


Overfull \hbox (16.16959pt too wide) in paragraph at lines 322--341
\TU/lmr/m/n/12 (*@[]\TU/lmr/bx/n/12 &&[]\TU/lmr/m/n/12 @*) (*@vetor_entrada@*)(
*@[@*)(*@c@*)(*@][@*)(*@[]4[]@*)(*@]@*) (*@[]\TU/lmr/bx/n/12 <[]\TU/lmr/m/n/12 
@*) (*@ve-
 []


Overfull \hbox (23.04959pt too wide) in paragraph at lines 322--341
\TU/lmr/m/n/12 tor_entrada@*)(*@[@*)(*@c@*)(*@[]\TU/lmr/bx/n/12 +[]\TU/lmr/m/n/
12 @*)(*@[]1[]@*)(*@][@*)(*@[]4[]@*)(*@]@*) (*@[]\TU/lmr/m/it/12 #aumenta[]\TU/
lmr/m/n/12 @*)
 []


Overfull \hbox (50.79372pt too wide) in paragraph at lines 322--341
\TU/lmr/m/n/12 (*@[]\TU/lmr/m/it/12 c[]\TU/lmr/m/n/12 @*) (*@[]\TU/lmr/m/it/12 
em[]\TU/lmr/m/n/12 @*) (*@[]\TU/lmr/m/it/12 1[]\TU/lmr/m/n/12 @*) (*@[]\TU/lmr/
m/it/12 para[]\TU/lmr/m/n/12 @*) (*@[]\TU/lmr/m/it/12 referenciar[]\TU/lmr/m/n/
12 @*) (*@[]\TU/lmr/m/it/12 a[]\TU/lmr/m/n/12 @*) (*@[]\TU/lmr/m/it/12 próxima[
]\TU/lmr/m/n/12 @*) (*@[]\TU/lmr/m/it/12 posição[]\TU/lmr/m/n/12 @*)
 []


Overfull \hbox (149.78563pt too wide) in paragraph at lines 322--341
\TU/lmr/m/n/12 (*@c@*) (*@[]\TU/lmr/bx/n/12 +=[]\TU/lmr/m/n/12 @*) (*@[]1[]@*) 
(*@[]\TU/lmr/bx/n/12 end[]\TU/lmr/m/n/12 @*) (*@[]\TU/lmr/bx/n/12 if[]\TU/lmr/m
/n/12 @*) (*@vetor_entrada@*)(*@[@*)(*@first@*)(*@][@*)(*@[]4[]@*)(*@]@*)
 []


Overfull \hbox (242.41359pt too wide) in paragraph at lines 322--341
\TU/lmr/m/n/12 (*@[]\TU/lmr/bx/n/12 <[]\TU/lmr/m/n/12 @*) (*@vetor_entrada@*)(*
@[@*)(*@c@*)(*@][@*)(*@[]4[]@*)(*@]@*) (*@[]troca_elementos[]@*)(*@(@*)(*@vetor
_entrada@*)(*@,@*)
 []


Overfull \hbox (22.5536pt too wide) in paragraph at lines 322--341
\TU/lmr/m/n/12 (*@c@*)(*@,@*) (*@first@*)(*@)@*) (*@first@*) (*@[]\TU/lmr/bx/n/
12 =[]\TU/lmr/m/n/12 @*) (*@c@*) (*@[]\TU/lmr/bx/n/12 else[]\TU/lmr/m/n/12 @*) 
(*@[]\TU/lmr/bx/n/12 break[]\TU/lmr/m/n/12 @*)
 []


Overfull \hbox (643.1496pt too wide) in paragraph at lines 342--343
[]\TU/lmr/m/n/12 (*@[]\TU/lmr/bx/n/12 function[]\TU/lmr/m/n/12 @*) (*@[]build_m
ax_heap![]@*)(*@(@*)(*@vetor_entrada@*)(*@[]\TU/lmr/bx/n/12 ::[]\TU/lmr/m/n/12 
@*)(*@[]Array[]@*)(*@{@*)(*@[]Tuple[]@*)(*@{@*)(*@Int64@*)(*@,@*)(*@Int64@*)(*@
,@*)(*@Int64@*)(*@,@*)(*@Float64@*)(*@}})@*) 
 []


Overfull \hbox (132.371pt too wide) in paragraph at lines 344--352
[]\TU/lmr/m/n/12 (*@[]\TU/lmr/m/it/12 #726000$\OMS/lmsy/m/n/12 ^^D$\TU/lmr/m/it
/12 2[]\TU/lmr/m/n/12 @*) (*@[]\TU/lmr/m/it/12 =[]\TU/lmr/m/n/12 @*) (*@[]\TU/l
mr/m/it/12 363000[]\TU/lmr/m/n/12 @*) (*@f@*) (*@[]\TU/lmr/bx/n/12 =[]\TU/lmr/m
/n/12 @*) (*@[]length[]@*)(*@(@*)(*@vetor_entrada@*)(*@)@*)
 []


Overfull \hbox (3.13367pt too wide) in paragraph at lines 344--352
[]\TU/lmr/m/n/12 @*)(*@[]1[]@*)(*@[]\TU/lmr/bx/n/12 :[]\TU/lmr/m/n/12 @*)(*@[]1
[]@*)(*@;]@*) (*@[]\TU/lmr/m/it/12 #[]\TU/lmr/m/n/12 @*) (*@[]\TU/lmr/m/it/12 w
hile[]\TU/lmr/m/n/12 @*) (*@[]\TU/lmr/m/it/12 f[]\TU/lmr/m/n/12 @*) (*@[]\TU/lm
r/m/it/12 >=[]\TU/lmr/m/n/12 @*) (*@[]\TU/lmr/m/it/12 1[]\TU/lmr/m/n/12 @*)
 []


Overfull \hbox (206.47357pt too wide) in paragraph at lines 344--352
\TU/lmr/m/n/12 (*@[]max_heapify![]@*)(*@(@*)(*@vetor_entrada@*)(*@,@*) (*@i@*)(
*@,@*) (*@[]length[]@*)(*@(@*)(*@vetor_entrada@*)(*@))@*)
 []


Overfull \hbox (597.2016pt too wide) in paragraph at lines 353--354
[]\TU/lmr/m/n/12 (*@[]\TU/lmr/bx/n/12 function[]\TU/lmr/m/n/12 @*) (*@[]heapsor
t![]@*)(*@(@*)(*@vetor_entrada@*)(*@[]\TU/lmr/bx/n/12 ::[]\TU/lmr/m/n/12 @*)(*@
[]Array[]@*)(*@{@*)(*@[]Tuple[]@*)(*@{@*)(*@Int64@*)(*@,@*)(*@Int64@*)(*@,@*)(*
@Int64@*)(*@,@*)(*@Float64@*)(*@}})@*) 
 []


Overfull \hbox (19.36171pt too wide) in paragraph at lines 356--358
[]\TU/lmr/m/n/12 (*@[]\TU/lmr/m/it/12 #inicia[]\TU/lmr/m/n/12 @*) (*@[]\TU/lmr/
m/it/12 a[]\TU/lmr/m/n/12 @*) (*@[]\TU/lmr/m/it/12 construção[]\TU/lmr/m/n/12 @
*) (*@[]\TU/lmr/m/it/12 do[]\TU/lmr/m/n/12 @*) (*@[]\TU/lmr/m/it/12 primeiro[]\
TU/lmr/m/n/12 @*) (*@[]\TU/lmr/m/it/12 heap[]\TU/lmr/m/n/12 @*) (*@[]\TU/lmr/m/
it/12 max[]\TU/lmr/m/n/12 @*)
 []


Overfull \hbox (126.21361pt too wide) in paragraph at lines 359--362
[]\TU/lmr/m/n/12 (*@[]@inbounds[]@*) (*@[]\TU/lmr/bx/n/12 for[]\TU/lmr/m/n/12 @
*) (*@l@*) (*@[]\TU/lmr/bx/n/12 in[]\TU/lmr/m/n/12 @*) (*@[@*)(*@[]length[]@*)(
*@(@*)(*@vetor_entrada@*)(*@)@*)(*@[]\TU/lmr/bx/n/12 :-
 []


Overfull \hbox (36.61368pt too wide) in paragraph at lines 359--362
[]\TU/lmr/m/n/12 @*)(*@[]1[]@*)(*@[]\TU/lmr/bx/n/12 :[]\TU/lmr/m/n/12 @*)(*@[]2
[]@*)(*@;]@*) (*@[]\TU/lmr/m/it/12 #[]\TU/lmr/m/n/12 @*) (*@[]\TU/lmr/m/it/12 #
troca[]\TU/lmr/m/n/12 @*) (*@[]\TU/lmr/m/it/12 a[]\TU/lmr/m/n/12 @*) (*@[]\TU/l
mr/m/it/12 posição[]\TU/lmr/m/n/12 @*) (*@[]\TU/lmr/m/it/12 do[]\TU/lmr/m/n/12 
@*)
 []


Overfull \hbox (25.6537pt too wide) in paragraph at lines 359--362
\TU/lmr/m/n/12 (*@[]\TU/lmr/m/it/12 primeiro[]\TU/lmr/m/n/12 @*) (*@[]\TU/lmr/m
/it/12 nó[]\TU/lmr/m/n/12 @*) (*@[]\TU/lmr/m/it/12 com[]\TU/lmr/m/n/12 @*) (*@[
]\TU/lmr/m/it/12 o[]\TU/lmr/m/n/12 @*) (*@[]\TU/lmr/m/it/12 último[]\TU/lmr/m/n
/12 @*) (*@[]\TU/lmr/m/it/12 nó[]\TU/lmr/m/n/12 @*) (*@[]\TU/lmr/m/it/12 do[]\T
U/lmr/m/n/12 @*) (*@[]\TU/lmr/m/it/12 heap[]\TU/lmr/m/n/12 @*)
 []


Overfull \hbox (33.14558pt too wide) in paragraph at lines 359--362
\TU/lmr/m/n/12 (*@[]troca_elementos[]@*)(*@(@*)(*@vetor_entrada@*)(*@,@*) (*@[]
1[]@*)(*@,@*) (*@l@*)(*@)@*) 
 []


Overfull \hbox (62.4217pt too wide) in paragraph at lines 363--366
[]\TU/lmr/m/n/12 (*@[]\TU/lmr/m/it/12 #reconstitui[]\TU/lmr/m/n/12 @*) (*@[]\TU
/lmr/m/it/12 o[]\TU/lmr/m/n/12 @*) (*@[]\TU/lmr/m/it/12 heap[]\TU/lmr/m/n/12 @*
) (*@[]\TU/lmr/m/it/12 após[]\TU/lmr/m/n/12 @*) (*@[]\TU/lmr/m/it/12 o[]\TU/lmr
/m/n/12 @*) (*@[]\TU/lmr/m/it/12 swap[]\TU/lmr/m/n/12 @*) (*@[]\TU/lmr/m/it/12 
do[]\TU/lmr/m/n/12 @*) (*@[]\TU/lmr/m/it/12 primeiro[]\TU/lmr/m/n/12 @*)
 []


Overfull \hbox (229.27768pt too wide) in paragraph at lines 363--366
\TU/lmr/m/n/12 (*@[]\TU/lmr/m/it/12 e[]\TU/lmr/m/n/12 @*) (*@[]\TU/lmr/m/it/12 
ultimo[]\TU/lmr/m/n/12 @*) (*@[]\TU/lmr/m/it/12 nó[]\TU/lmr/m/n/12 @*) (*@[]\TU
/lmr/m/it/12 pela[]\TU/lmr/m/n/12 @*) (*@[]\TU/lmr/m/it/12 linha[]\TU/lmr/m/n/1
2 @*) (*@[]\TU/lmr/m/it/12 anterior[]\TU/lmr/m/n/12 @*) (*@[]max_heapify![]@*)(
*@(@*)(*@vetor_entrada@*)(*@,@*)
 []

[3]
Overfull \hbox (593.93759pt too wide) in paragraph at lines 371--372
[]\TU/lmr/m/n/12 (*@[]\TU/lmr/bx/n/12 function[]\TU/lmr/m/n/12 @*) (*@[]heapsor
t[]@*)(*@(@*)(*@vetor_entrada@*)(*@[]\TU/lmr/bx/n/12 ::[]\TU/lmr/m/n/12 @*)(*@[
]Array[]@*)(*@{@*)(*@[]Tuple[]@*)(*@{@*)(*@Int64@*)(*@,@*)(*@Int64@*)(*@,@*)(*@
Int64@*)(*@,@*)(*@Float64@*)(*@}})@*) 
 []


Overfull \hbox (2.9577pt too wide) in paragraph at lines 375--395
\TU/lmr/m/n/12 (*@[]\TU/lmr/m/it/12 left(i::Int64)[]\TU/lmr/m/n/12 @*) (*@[]\TU
/lmr/m/it/12 =[]\TU/lmr/m/n/12 @*) (*@[]\TU/lmr/m/it/12 2i[]\TU/lmr/m/n/12 @*) 
(*@[]\TU/lmr/m/it/12 #[]\TU/lmr/m/n/12 @*) (*@[]\TU/lmr/m/it/12 #[]\TU/lmr/m/n/
12 @*) (*@[]\TU/lmr/m/it/12 right(i::Int64)[]\TU/lmr/m/n/12 @*) (*@[]\TU/lmr/m/
it/12 =[]\TU/lmr/m/n/12 @*)
 []


Overfull \hbox (13.57771pt too wide) in paragraph at lines 375--395
\TU/lmr/m/n/12 (*@[]\TU/lmr/m/it/12 2i+1[]\TU/lmr/m/n/12 @*) (*@[]\TU/lmr/m/it/
12 #[]\TU/lmr/m/n/12 @*) (*@[]\TU/lmr/m/it/12 #[]\TU/lmr/m/n/12 @*) (*@[]\TU/lm
r/m/it/12 #[]\TU/lmr/m/n/12 @*) (*@[]\TU/lmr/m/it/12 function[]\TU/lmr/m/n/12 @
*) (*@[]\TU/lmr/m/it/12 max_heapfy(A,i)[]\TU/lmr/m/n/12 @*) (*@[]\TU/lmr/m/it/1
2 #[]\TU/lmr/m/n/12 @*)
 []


Overfull \hbox (22.3057pt too wide) in paragraph at lines 375--395
\TU/lmr/m/n/12 (*@[]\TU/lmr/m/it/12 if[]\TU/lmr/m/n/12 @*) (*@[]\TU/lmr/m/it/12
 l[]\TU/lmr/m/n/12 @*) (*@[]\TU/lmr/m/it/12 <=[]\TU/lmr/m/n/12 @*) (*@[]\TU/lmr
/m/it/12 length(A)[]\TU/lmr/m/n/12 @*) (*@[]\TU/lmr/m/it/12 &&[]\TU/lmr/m/n/12 
@*) (*@[]\TU/lmr/m/it/12 A[l][4][]\TU/lmr/m/n/12 @*) (*@[]\TU/lmr/m/it/12 >[]\T
U/lmr/m/n/12 @*) (*@[]\TU/lmr/m/it/12 A[i][]\TU/lmr/m/n/12 @*)
 []


! LaTeX Error: \begin{document} ended by \end{lstlisting}.

See the LaTeX manual or LaTeX Companion for explanation.
Type  H <return>  for immediate help.
 ...                                              
                                                  
l.506 \end{lstlisting}
                      
? 

Overfull \hbox (24.98172pt too wide) in paragraph at lines 399--507
\TU/lmr/m/it/12 tion[]\TU/lmr/m/n/12 @*) (*@[]\TU/lmr/m/it/12 heapSort(a,[]\TU/
lmr/m/n/12 @*) (*@[]\TU/lmr/m/it/12 count)[]\TU/lmr/m/n/12 @*) (*@[]\TU/lmr/m/i
t/12 is[]\TU/lmr/m/n/12 @*) (*@[]\TU/lmr/m/it/12 #[]\TU/lmr/m/n/12 @*) (*@[]\TU
/lmr/m/it/12 #[]\TU/lmr/m/n/12 @*) (*@[]\TU/lmr/m/it/12 input:[]\TU/lmr/m/n/12 
@*) (*@[]\TU/lmr/m/it/12 an[]\TU/lmr/m/n/12 @*)
 []


Overfull \hbox (6.90971pt too wide) in paragraph at lines 399--507
\TU/lmr/m/n/12 (*@[]\TU/lmr/m/it/12 #[]\TU/lmr/m/n/12 @*) (*@[]\TU/lmr/m/it/12 
#[]\TU/lmr/m/n/12 @*) (*@[]\TU/lmr/m/it/12 #[]\TU/lmr/m/n/12 @*) (*@[]\TU/lmr/m
/it/12 (first[]\TU/lmr/m/n/12 @*) (*@[]\TU/lmr/m/it/12 place[]\TU/lmr/m/n/12 @*
) (*@[]\TU/lmr/m/it/12 a[]\TU/lmr/m/n/12 @*) (*@[]\TU/lmr/m/it/12 in[]\TU/lmr/m
/n/12 @*) (*@[]\TU/lmr/m/it/12 max-heap[]\TU/lmr/m/n/12 @*)
 []


Overfull \hbox (24.87373pt too wide) in paragraph at lines 399--507
\TU/lmr/m/n/12 (*@[]\TU/lmr/m/it/12 order)[]\TU/lmr/m/n/12 @*) (*@[]\TU/lmr/m/i
t/12 #[]\TU/lmr/m/n/12 @*) (*@[]\TU/lmr/m/it/12 #[]\TU/lmr/m/n/12 @*) (*@[]\TU/
lmr/m/it/12 heapify(a,[]\TU/lmr/m/n/12 @*) (*@[]\TU/lmr/m/it/12 count)[]\TU/lmr
/m/n/12 @*) (*@[]\TU/lmr/m/it/12 #[]\TU/lmr/m/n/12 @*) (*@[]\TU/lmr/m/it/12 #[]
\TU/lmr/m/n/12 @*) (*@[]\TU/lmr/m/it/12 #[]\TU/lmr/m/n/12 @*)
 []


Overfull \hbox (28.72975pt too wide) in paragraph at lines 399--507
\TU/lmr/m/n/12 (*@[]\TU/lmr/m/it/12 #[]\TU/lmr/m/n/12 @*) (*@[]\TU/lmr/m/it/12 
end[]\TU/lmr/m/n/12 @*) (*@[]\TU/lmr/m/it/12 :=[]\TU/lmr/m/n/12 @*) (*@[]\TU/lm
r/m/it/12 count[]\TU/lmr/m/n/12 @*) (*@[]\TU/lmr/m/it/12 -[]\TU/lmr/m/n/12 @*) 
(*@[]\TU/lmr/m/it/12 1[]\TU/lmr/m/n/12 @*) (*@[]\TU/lmr/m/it/12 #[]\TU/lmr/m/n/
12 @*) (*@[]\TU/lmr/m/it/12 #[]\TU/lmr/m/n/12 @*) (*@[]\TU/lmr/m/it/12 while[]\
TU/lmr/m/n/12 @*)
 []


Overfull \hbox (89.41373pt too wide) in paragraph at lines 399--507
\TU/lmr/m/n/12 (*@[]\TU/lmr/m/it/12 end[]\TU/lmr/m/n/12 @*) (*@[]\TU/lmr/m/it/1
2 >[]\TU/lmr/m/n/12 @*) (*@[]\TU/lmr/m/it/12 0[]\TU/lmr/m/n/12 @*) (*@[]\TU/lmr
/m/it/12 do[]\TU/lmr/m/n/12 @*) (*@[]\TU/lmr/m/it/12 #[]\TU/lmr/m/n/12 @*) (*@[
]\TU/lmr/m/it/12 #[]\TU/lmr/m/n/12 @*) (*@[]\TU/lmr/m/it/12 (swap[]\TU/lmr/m/n/
12 @*) (*@[]\TU/lmr/m/it/12 the[]\TU/lmr/m/n/12 @*) (*@[]\TU/lmr/m/it/12 root(m
aximum[]\TU/lmr/m/n/12 @*)
 []


Overfull \hbox (58.25772pt too wide) in paragraph at lines 399--507
\TU/lmr/m/n/12 (*@[]\TU/lmr/m/it/12 last[]\TU/lmr/m/n/12 @*) (*@[]\TU/lmr/m/it/
12 element[]\TU/lmr/m/n/12 @*) (*@[]\TU/lmr/m/it/12 of[]\TU/lmr/m/n/12 @*) (*@[
]\TU/lmr/m/it/12 the[]\TU/lmr/m/n/12 @*) (*@[]\TU/lmr/m/it/12 heap)[]\TU/lmr/m/
n/12 @*) (*@[]\TU/lmr/m/it/12 #[]\TU/lmr/m/n/12 @*) (*@[]\TU/lmr/m/it/12 #[]\TU
/lmr/m/n/12 @*) (*@[]\TU/lmr/m/it/12 swap(a[end],[]\TU/lmr/m/n/12 @*)
 []


Overfull \hbox (23.28972pt too wide) in paragraph at lines 399--507
\TU/lmr/m/n/12 (*@[]\TU/lmr/m/it/12 a[0])[]\TU/lmr/m/n/12 @*) (*@[]\TU/lmr/m/it
/12 #[]\TU/lmr/m/n/12 @*) (*@[]\TU/lmr/m/it/12 #[]\TU/lmr/m/n/12 @*) (*@[]\TU/l
mr/m/it/12 (decrement[]\TU/lmr/m/n/12 @*) (*@[]\TU/lmr/m/it/12 the[]\TU/lmr/m/n
/12 @*) (*@[]\TU/lmr/m/it/12 size[]\TU/lmr/m/n/12 @*) (*@[]\TU/lmr/m/it/12 of[]
\TU/lmr/m/n/12 @*) (*@[]\TU/lmr/m/it/12 the[]\TU/lmr/m/n/12 @*)
 []


Overfull \hbox (14.66173pt too wide) in paragraph at lines 399--507
\TU/lmr/m/n/12 (*@[]\TU/lmr/m/it/12 heap[]\TU/lmr/m/n/12 @*) (*@[]\TU/lmr/m/it/
12 so[]\TU/lmr/m/n/12 @*) (*@[]\TU/lmr/m/it/12 that[]\TU/lmr/m/n/12 @*) (*@[]\T
U/lmr/m/it/12 the[]\TU/lmr/m/n/12 @*) (*@[]\TU/lmr/m/it/12 previous[]\TU/lmr/m/
n/12 @*) (*@[]\TU/lmr/m/it/12 #[]\TU/lmr/m/n/12 @*) (*@[]\TU/lmr/m/it/12 #[]\TU
/lmr/m/n/12 @*) (*@[]\TU/lmr/m/it/12 max[]\TU/lmr/m/n/12 @*)
 []


Overfull \hbox (23.7217pt too wide) in paragraph at lines 399--507
\TU/lmr/m/n/12 (*@[]\TU/lmr/m/it/12 value[]\TU/lmr/m/n/12 @*) (*@[]\TU/lmr/m/it
/12 will[]\TU/lmr/m/n/12 @*) (*@[]\TU/lmr/m/it/12 stay[]\TU/lmr/m/n/12 @*) (*@[
]\TU/lmr/m/it/12 in[]\TU/lmr/m/n/12 @*) (*@[]\TU/lmr/m/it/12 its[]\TU/lmr/m/n/1
2 @*) (*@[]\TU/lmr/m/it/12 proper[]\TU/lmr/m/n/12 @*) (*@[]\TU/lmr/m/it/12 plac
e)[]\TU/lmr/m/n/12 @*) (*@[]\TU/lmr/m/it/12 #[]\TU/lmr/m/n/12 @*)
 []


Overfull \hbox (14.84575pt too wide) in paragraph at lines 399--507
\TU/lmr/m/n/12 (*@[]\TU/lmr/m/it/12 #[]\TU/lmr/m/n/12 @*) (*@[]\TU/lmr/m/it/12 
end[]\TU/lmr/m/n/12 @*) (*@[]\TU/lmr/m/it/12 :=[]\TU/lmr/m/n/12 @*) (*@[]\TU/lm
r/m/it/12 end[]\TU/lmr/m/n/12 @*) (*@[]\TU/lmr/m/it/12 -[]\TU/lmr/m/n/12 @*) (*
@[]\TU/lmr/m/it/12 1[]\TU/lmr/m/n/12 @*) (*@[]\TU/lmr/m/it/12 #[]\TU/lmr/m/n/12
 @*) (*@[]\TU/lmr/m/it/12 #[]\TU/lmr/m/n/12 @*) (*@[]\TU/lmr/m/it/12 (put[]\TU/
lmr/m/n/12 @*)
 []


Overfull \hbox (2.81773pt too wide) in paragraph at lines 399--507
\TU/lmr/m/n/12 (*@[]\TU/lmr/m/it/12 #[]\TU/lmr/m/n/12 @*) (*@[]\TU/lmr/m/it/12 
siftDown(a,[]\TU/lmr/m/n/12 @*) (*@[]\TU/lmr/m/it/12 0,[]\TU/lmr/m/n/12 @*) (*@
[]\TU/lmr/m/it/12 end)[]\TU/lmr/m/n/12 @*) (*@[]\TU/lmr/m/it/12 #[]\TU/lmr/m/n/
12 @*) (*@[]\TU/lmr/m/it/12 #[]\TU/lmr/m/n/12 @*) (*@[]\TU/lmr/m/it/12 #[]\TU/l
mr/m/n/12 @*) (*@[]\TU/lmr/m/it/12 #[]\TU/lmr/m/n/12 @*)
 []


Overfull \hbox (10.62569pt too wide) in paragraph at lines 399--507
\TU/lmr/m/n/12 (*@[]\TU/lmr/m/it/12 function[]\TU/lmr/m/n/12 @*) (*@[]\TU/lmr/m
/it/12 heapify(a,count)[]\TU/lmr/m/n/12 @*) (*@[]\TU/lmr/m/it/12 is[]\TU/lmr/m/
n/12 @*) (*@[]\TU/lmr/m/it/12 #[]\TU/lmr/m/n/12 @*) (*@[]\TU/lmr/m/it/12 #[]\TU
/lmr/m/n/12 @*) (*@[]\TU/lmr/m/it/12 (start[]\TU/lmr/m/n/12 @*) (*@[]\TU/lmr/m/
it/12 is[]\TU/lmr/m/n/12 @*)
 []


Overfull \hbox (9.52571pt too wide) in paragraph at lines 399--507
\TU/lmr/m/n/12 (*@[]\TU/lmr/m/it/12 assigned[]\TU/lmr/m/n/12 @*) (*@[]\TU/lmr/m
/it/12 the[]\TU/lmr/m/n/12 @*) (*@[]\TU/lmr/m/it/12 index[]\TU/lmr/m/n/12 @*) (
*@[]\TU/lmr/m/it/12 in[]\TU/lmr/m/n/12 @*) (*@[]\TU/lmr/m/it/12 a[]\TU/lmr/m/n/
12 @*) (*@[]\TU/lmr/m/it/12 of[]\TU/lmr/m/n/12 @*) (*@[]\TU/lmr/m/it/12 the[]\T
U/lmr/m/n/12 @*) (*@[]\TU/lmr/m/it/12 last[]\TU/lmr/m/n/12 @*)
 []


Overfull \hbox (21.50168pt too wide) in paragraph at lines 399--507
\TU/lmr/m/n/12 (*@[]\TU/lmr/m/it/12 the[]\TU/lmr/m/n/12 @*) (*@[]\TU/lmr/m/it/1
2 node[]\TU/lmr/m/n/12 @*) (*@[]\TU/lmr/m/it/12 at[]\TU/lmr/m/n/12 @*) (*@[]\TU
/lmr/m/it/12 index[]\TU/lmr/m/n/12 @*) (*@[]\TU/lmr/m/it/12 start[]\TU/lmr/m/n/
12 @*) (*@[]\TU/lmr/m/it/12 to[]\TU/lmr/m/n/12 @*) (*@[]\TU/lmr/m/it/12 the[]\T
U/lmr/m/n/12 @*) (*@[]\TU/lmr/m/it/12 proper[]\TU/lmr/m/n/12 @*)
 []


Overfull \hbox (87.4897pt too wide) in paragraph at lines 399--507
\TU/lmr/m/n/12 (*@[]\TU/lmr/m/it/12 #[]\TU/lmr/m/n/12 @*) (*@[]\TU/lmr/m/it/12 
(after[]\TU/lmr/m/n/12 @*) (*@[]\TU/lmr/m/it/12 sifting[]\TU/lmr/m/n/12 @*) (*@
[]\TU/lmr/m/it/12 down[]\TU/lmr/m/n/12 @*) (*@[]\TU/lmr/m/it/12 the[]\TU/lmr/m/
n/12 @*) (*@[]\TU/lmr/m/it/12 root[]\TU/lmr/m/n/12 @*) (*@[]\TU/lmr/m/it/12 all
[]\TU/lmr/m/n/12 @*) (*@[]\TU/lmr/m/it/12 nodes/elements[]\TU/lmr/m/n/12 @*)
 []


Overfull \hbox (0.25769pt too wide) in paragraph at lines 399--507
\TU/lmr/m/n/12 (*@[]\TU/lmr/m/it/12 function[]\TU/lmr/m/n/12 @*) (*@[]\TU/lmr/m
/it/12 siftDown(a,[]\TU/lmr/m/n/12 @*) (*@[]\TU/lmr/m/it/12 start,[]\TU/lmr/m/n
/12 @*) (*@[]\TU/lmr/m/it/12 end)[]\TU/lmr/m/n/12 @*) (*@[]\TU/lmr/m/it/12 is[]
\TU/lmr/m/n/12 @*) (*@[]\TU/lmr/m/it/12 #[]\TU/lmr/m/n/12 @*) (*@[]\TU/lmr/m/it
/12 #[]\TU/lmr/m/n/12 @*)
 []


Overfull \hbox (22.43907pt too wide) in paragraph at lines 399--507
\TU/lmr/m/n/12 (*@[]\TU/lmr/m/it/12 *[]\TU/lmr/m/n/12 @*) (*@[]\TU/lmr/m/it/12 
2[]\TU/lmr/m/n/12 @*) (*@[]\TU/lmr/m/it/12 +[]\TU/lmr/m/n/12 @*) (*@[]\TU/lmr/m
/it/12 1[]\TU/lmr/m/n/12 @*) (*@[]$\OMS/lmsy/m/n/12 ^^T$[]\TU/lmr/m/n/12 @*) (*
@[]\TU/lmr/m/it/12 end[]\TU/lmr/m/n/12 @*) (*@[]\TU/lmr/m/it/12 do[]\TU/lmr/m/n
/12 @*) (*@[]\TU/lmr/m/it/12 (While[]\TU/lmr/m/n/12 @*) (*@[]\TU/lmr/m/it/12 th
e[]\TU/lmr/m/n/12 @*)
 []


Overfull \hbox (25.24574pt too wide) in paragraph at lines 399--507
\TU/lmr/m/n/12 (*@[]\TU/lmr/m/it/12 the[]\TU/lmr/m/n/12 @*) (*@[]\TU/lmr/m/it/1
2 child[]\TU/lmr/m/n/12 @*) (*@[]\TU/lmr/m/it/12 has[]\TU/lmr/m/n/12 @*) (*@[]\
TU/lmr/m/it/12 a[]\TU/lmr/m/n/12 @*) (*@[]\TU/lmr/m/it/12 sibling[]\TU/lmr/m/n/
12 @*) (*@[]\TU/lmr/m/it/12 and[]\TU/lmr/m/n/12 @*) (*@[]\TU/lmr/m/it/12 the[]\
TU/lmr/m/n/12 @*) (*@[]\TU/lmr/m/it/12 child[]s[]\TU/lmr/m/n/12 @*)
 []


Overfull \hbox (26.19373pt too wide) in paragraph at lines 399--507
\TU/lmr/m/n/12 (*@[]\TU/lmr/m/it/12 value[]\TU/lmr/m/n/12 @*) (*@[]\TU/lmr/m/it
/12 is[]\TU/lmr/m/n/12 @*) (*@[]\TU/lmr/m/it/12 less[]\TU/lmr/m/n/12 @*) (*@[]\
TU/lmr/m/it/12 than[]\TU/lmr/m/n/12 @*) (*@[]\TU/lmr/m/it/12 its[]\TU/lmr/m/n/1
2 @*) (*@[]\TU/lmr/m/it/12 sibling[]s...)[]\TU/lmr/m/n/12 @*) (*@[]\TU/lmr/m/it
/12 #[]\TU/lmr/m/n/12 @*) (*@[]\TU/lmr/m/it/12 #[]\TU/lmr/m/n/12 @*)
 []


Overfull \hbox (29.01372pt too wide) in paragraph at lines 399--507
\TU/lmr/m/n/12 (*@[]\TU/lmr/m/it/12 the[]\TU/lmr/m/n/12 @*) (*@[]\TU/lmr/m/it/1
2 right[]\TU/lmr/m/n/12 @*) (*@[]\TU/lmr/m/it/12 child[]\TU/lmr/m/n/12 @*) (*@[
]\TU/lmr/m/it/12 instead)[]\TU/lmr/m/n/12 @*) (*@[]\TU/lmr/m/it/12 #[]\TU/lmr/m
/n/12 @*) (*@[]\TU/lmr/m/it/12 #[]\TU/lmr/m/n/12 @*) (*@[]\TU/lmr/m/it/12 if[]\
TU/lmr/m/n/12 @*) (*@[]\TU/lmr/m/it/12 a[root][]\TU/lmr/m/n/12 @*)
 []


Overfull \hbox (2.59766pt too wide) in paragraph at lines 399--507
\TU/lmr/m/n/12 (*@[]\TU/lmr/m/it/12 <[]\TU/lmr/m/n/12 @*) (*@[]\TU/lmr/m/it/12 
a[child][]\TU/lmr/m/n/12 @*) (*@[]\TU/lmr/m/it/12 then[]\TU/lmr/m/n/12 @*) (*@[
]\TU/lmr/m/it/12 (out[]\TU/lmr/m/n/12 @*) (*@[]\TU/lmr/m/it/12 of[]\TU/lmr/m/n/
12 @*) (*@[]\TU/lmr/m/it/12 max-heap[]\TU/lmr/m/n/12 @*) (*@[]\TU/lmr/m/it/12 o
rder)[]\TU/lmr/m/n/12 @*)
 []


Overfull \hbox (4.67368pt too wide) in paragraph at lines 399--507
\TU/lmr/m/n/12 (*@[]\TU/lmr/m/it/12 :=[]\TU/lmr/m/n/12 @*) (*@[]\TU/lmr/m/it/12
 child[]\TU/lmr/m/n/12 @*) (*@[]\TU/lmr/m/it/12 (repeat[]\TU/lmr/m/n/12 @*) (*@
[]\TU/lmr/m/it/12 to[]\TU/lmr/m/n/12 @*) (*@[]\TU/lmr/m/it/12 continue[]\TU/lmr
/m/n/12 @*) (*@[]\TU/lmr/m/it/12 sifting[]\TU/lmr/m/n/12 @*) (*@[]\TU/lmr/m/it/
12 down[]\TU/lmr/m/n/12 @*)
 []


Overfull \hbox (10.89372pt too wide) in paragraph at lines 399--507
\TU/lmr/m/n/12 (*@[]\TU/lmr/m/it/12 return[]\TU/lmr/m/n/12 @*) (*@[]\TU/lmr/m/i
t/12 #[]\TU/lmr/m/n/12 @*) (*@[]\TU/lmr/m/it/12 #[]\TU/lmr/m/n/12 @*) (*@[]\TU/
lmr/m/it/12 #—[]\TU/lmr/m/n/12 @*) (*@[]\TU/lmr/m/it/12 Quicksort[]\TU/lmr/m/n/
12 @*) (*@[]\TU/lmr/m/it/12 #[]\TU/lmr/m/n/12 @*) (*@[]\TU/lmr/m/it/12 #[]\TU/l
mr/m/n/12 @*) (*@[]\TU/lmr/m/it/12 func-
 []


Overfull \hbox (12.20969pt too wide) in paragraph at lines 399--507
\TU/lmr/m/it/12 tion[]\TU/lmr/m/n/12 @*) (*@[]\TU/lmr/m/it/12 quicksort!(A,i=1,
j=length(A))[]\TU/lmr/m/n/12 @*) (*@[]\TU/lmr/m/it/12 #[]\TU/lmr/m/n/12 @*) (*@
[]\TU/lmr/m/it/12 if[]\TU/lmr/m/n/12 @*) (*@[]\TU/lmr/m/it/12 j[]\TU/lmr/m/n/12
 @*) (*@[]\TU/lmr/m/it/12 >[]\TU/lmr/m/n/12 @*) (*@[]\TU/lmr/m/it/12 i[]\TU/lmr
/m/n/12 @*)
 []


Overfull \hbox (12.97769pt too wide) in paragraph at lines 399--507
\TU/lmr/m/n/12 (*@[]\TU/lmr/m/it/12 #[]\TU/lmr/m/n/12 @*) (*@[]\TU/lmr/m/it/12 
pivot[]\TU/lmr/m/n/12 @*) (*@[]\TU/lmr/m/it/12 =[]\TU/lmr/m/n/12 @*) (*@[]\TU/l
mr/m/it/12 A[rand(i:j)][]\TU/lmr/m/n/12 @*) (*@[]\TU/lmr/m/it/12 #[]\TU/lmr/m/n
/12 @*) (*@[]\TU/lmr/m/it/12 random[]\TU/lmr/m/n/12 @*) (*@[]\TU/lmr/m/it/12 el
ement[]\TU/lmr/m/n/12 @*)
 []


Overfull \hbox (7.96974pt too wide) in paragraph at lines 399--507
\TU/lmr/m/n/12 (*@[]\TU/lmr/m/it/12 of[]\TU/lmr/m/n/12 @*) (*@[]\TU/lmr/m/it/12
 A[]\TU/lmr/m/n/12 @*) (*@[]\TU/lmr/m/it/12 #[]\TU/lmr/m/n/12 @*) (*@[]\TU/lmr/
m/it/12 left,[]\TU/lmr/m/n/12 @*) (*@[]\TU/lmr/m/it/12 right[]\TU/lmr/m/n/12 @*
) (*@[]\TU/lmr/m/it/12 =[]\TU/lmr/m/n/12 @*) (*@[]\TU/lmr/m/it/12 i,[]\TU/lmr/m
/n/12 @*) (*@[]\TU/lmr/m/it/12 j[]\TU/lmr/m/n/12 @*) (*@[]\TU/lmr/m/it/12 #[]\T
U/lmr/m/n/12 @*)
 []


Overfull \hbox (24.9577pt too wide) in paragraph at lines 399--507
\TU/lmr/m/n/12 (*@[]\TU/lmr/m/it/12 while[]\TU/lmr/m/n/12 @*) (*@[]\TU/lmr/m/it
/12 left[]\TU/lmr/m/n/12 @*) (*@[]\TU/lmr/m/it/12 <=[]\TU/lmr/m/n/12 @*) (*@[]\
TU/lmr/m/it/12 right[]\TU/lmr/m/n/12 @*) (*@[]\TU/lmr/m/it/12 #[]\TU/lmr/m/n/12
 @*) (*@[]\TU/lmr/m/it/12 while[]\TU/lmr/m/n/12 @*) (*@[]\TU/lmr/m/it/12 A[left
][]\TU/lmr/m/n/12 @*) (*@[]\TU/lmr/m/it/12 <[]\TU/lmr/m/n/12 @*)
 []


Overfull \hbox (16.5217pt too wide) in paragraph at lines 399--507
\TU/lmr/m/n/12 (*@[]\TU/lmr/m/it/12 while[]\TU/lmr/m/n/12 @*) (*@[]\TU/lmr/m/it
/12 A[right][]\TU/lmr/m/n/12 @*) (*@[]\TU/lmr/m/it/12 >[]\TU/lmr/m/n/12 @*) (*@
[]\TU/lmr/m/it/12 pivot[]\TU/lmr/m/n/12 @*) (*@[]\TU/lmr/m/it/12 #[]\TU/lmr/m/n
/12 @*) (*@[]\TU/lmr/m/it/12 right[]\TU/lmr/m/n/12 @*) (*@[]\TU/lmr/m/it/12 -=[
]\TU/lmr/m/n/12 @*) (*@[]\TU/lmr/m/it/12 1[]\TU/lmr/m/n/12 @*)
 []


Overfull \hbox (7.40968pt too wide) in paragraph at lines 399--507
\TU/lmr/m/n/12 (*@[]\TU/lmr/m/it/12 A[left],[]\TU/lmr/m/n/12 @*) (*@[]\TU/lmr/m
/it/12 A[right][]\TU/lmr/m/n/12 @*) (*@[]\TU/lmr/m/it/12 =[]\TU/lmr/m/n/12 @*) 
(*@[]\TU/lmr/m/it/12 A[right],[]\TU/lmr/m/n/12 @*) (*@[]\TU/lmr/m/it/12 A[left]
[]\TU/lmr/m/n/12 @*) (*@[]\TU/lmr/m/it/12 #[]\TU/lmr/m/n/12 @*) (*@[]\TU/lmr/m/
it/12 left[]\TU/lmr/m/n/12 @*)
 []


Overfull \hbox (19.60974pt too wide) in paragraph at lines 399--507
\TU/lmr/m/n/12 (*@[]\TU/lmr/m/it/12 +=[]\TU/lmr/m/n/12 @*) (*@[]\TU/lmr/m/it/12
 1[]\TU/lmr/m/n/12 @*) (*@[]\TU/lmr/m/it/12 #[]\TU/lmr/m/n/12 @*) (*@[]\TU/lmr/
m/it/12 right[]\TU/lmr/m/n/12 @*) (*@[]\TU/lmr/m/it/12 -=[]\TU/lmr/m/n/12 @*) (
*@[]\TU/lmr/m/it/12 1[]\TU/lmr/m/n/12 @*) (*@[]\TU/lmr/m/it/12 #[]\TU/lmr/m/n/1
2 @*) (*@[]\TU/lmr/m/it/12 end[]\TU/lmr/m/n/12 @*) (*@[]\TU/lmr/m/it/12 #[]\TU/
lmr/m/n/12 @*)
 []


Overfull \hbox (23.16168pt too wide) in paragraph at lines 399--507
\TU/lmr/m/n/12 (*@[]\TU/lmr/m/it/12 end[]\TU/lmr/m/n/12 @*) (*@[]\TU/lmr/m/it/1
2 #[]\TU/lmr/m/n/12 @*) (*@[]\TU/lmr/m/it/12 quicksort!(A,i,right)[]\TU/lmr/m/n
/12 @*) (*@[]\TU/lmr/m/it/12 #[]\TU/lmr/m/n/12 @*) (*@[]\TU/lmr/m/it/12 quickso
rt!(A,left,j)[]\TU/lmr/m/n/12 @*) (*@[]\TU/lmr/m/it/12 #[]\TU/lmr/m/n/12 @*)
 []


Overfull \hbox (24.9897pt too wide) in paragraph at lines 399--507
\TU/lmr/m/n/12 (*@[]\TU/lmr/m/it/12 #[]\TU/lmr/m/n/12 @*) (*@[]\TU/lmr/m/it/12 
function[]\TU/lmr/m/n/12 @*) (*@[]\TU/lmr/m/it/12 quicksort(array)[]\TU/lmr/m/n
/12 @*) (*@[]\TU/lmr/m/it/12 #[]\TU/lmr/m/n/12 @*) (*@[]\TU/lmr/m/it/12 #[]\TU/
lmr/m/n/12 @*) (*@[]\TU/lmr/m/it/12 less,[]\TU/lmr/m/n/12 @*) (*@[]\TU/lmr/m/it
/12 equal,[]\TU/lmr/m/n/12 @*)
 []


Overfull \hbox (26.4697pt too wide) in paragraph at lines 399--507
\TU/lmr/m/n/12 (*@[]\TU/lmr/m/it/12 greater[]\TU/lmr/m/n/12 @*) (*@[]\TU/lmr/m/
it/12 :=[]\TU/lmr/m/n/12 @*) (*@[]\TU/lmr/m/it/12 three[]\TU/lmr/m/n/12 @*) (*@
[]\TU/lmr/m/it/12 empty[]\TU/lmr/m/n/12 @*) (*@[]\TU/lmr/m/it/12 arrays[]\TU/lm
r/m/n/12 @*) (*@[]\TU/lmr/m/it/12 #[]\TU/lmr/m/n/12 @*) (*@[]\TU/lmr/m/it/12 #[
]\TU/lmr/m/n/12 @*) (*@[]\TU/lmr/m/it/12 if[]\TU/lmr/m/n/12 @*)
 []


Overfull \hbox (14.6417pt too wide) in paragraph at lines 399--507
\TU/lmr/m/n/12 (*@[]\TU/lmr/m/it/12 each[]\TU/lmr/m/n/12 @*) (*@[]\TU/lmr/m/it/
12 x[]\TU/lmr/m/n/12 @*) (*@[]\TU/lmr/m/it/12 in[]\TU/lmr/m/n/12 @*) (*@[]\TU/l
mr/m/it/12 array[]\TU/lmr/m/n/12 @*) (*@[]\TU/lmr/m/it/12 #[]\TU/lmr/m/n/12 @*)
 (*@[]\TU/lmr/m/it/12 #[]\TU/lmr/m/n/12 @*) (*@[]\TU/lmr/m/it/12 if[]\TU/lmr/m/
n/12 @*) (*@[]\TU/lmr/m/it/12 x[]\TU/lmr/m/n/12 @*) (*@[]\TU/lmr/m/it/12 <[]\TU
/lmr/m/n/12 @*)
 []


Overfull \hbox (36.48169pt too wide) in paragraph at lines 399--507
\TU/lmr/m/n/12 (*@[]\TU/lmr/m/it/12 if[]\TU/lmr/m/n/12 @*) (*@[]\TU/lmr/m/it/12
 x[]\TU/lmr/m/n/12 @*) (*@[]\TU/lmr/m/it/12 =[]\TU/lmr/m/n/12 @*) (*@[]\TU/lmr/
m/it/12 pivot[]\TU/lmr/m/n/12 @*) (*@[]\TU/lmr/m/it/12 then[]\TU/lmr/m/n/12 @*)
 (*@[]\TU/lmr/m/it/12 add[]\TU/lmr/m/n/12 @*) (*@[]\TU/lmr/m/it/12 x[]\TU/lmr/m
/n/12 @*) (*@[]\TU/lmr/m/it/12 to[]\TU/lmr/m/n/12 @*) (*@[]\TU/lmr/m/it/12 equa
l[]\TU/lmr/m/n/12 @*)
 []


Overfull \hbox (19.9217pt too wide) in paragraph at lines 399--507
\TU/lmr/m/n/12 (*@[]\TU/lmr/m/it/12 #[]\TU/lmr/m/n/12 @*) (*@[]\TU/lmr/m/it/12 
#[]\TU/lmr/m/n/12 @*) (*@[]\TU/lmr/m/it/12 if[]\TU/lmr/m/n/12 @*) (*@[]\TU/lmr/
m/it/12 x[]\TU/lmr/m/n/12 @*) (*@[]\TU/lmr/m/it/12 >[]\TU/lmr/m/n/12 @*) (*@[]\
TU/lmr/m/it/12 pivot[]\TU/lmr/m/n/12 @*) (*@[]\TU/lmr/m/it/12 then[]\TU/lmr/m/n
/12 @*) (*@[]\TU/lmr/m/it/12 add[]\TU/lmr/m/n/12 @*) (*@[]\TU/lmr/m/it/12 x[]\T
U/lmr/m/n/12 @*)
 []


Overfull \hbox (14.18567pt too wide) in paragraph at lines 399--507
\TU/lmr/m/n/12 (*@[]\TU/lmr/m/it/12 quicksort(greater)[]\TU/lmr/m/n/12 @*) (*@[
]\TU/lmr/m/it/12 #[]\TU/lmr/m/n/12 @*) (*@[]\TU/lmr/m/it/12 #[]\TU/lmr/m/n/12 @
*) (*@[]\TU/lmr/m/it/12 array[]\TU/lmr/m/n/12 @*) (*@[]\TU/lmr/m/it/12 :=[]\TU/
lmr/m/n/12 @*) (*@[]\TU/lmr/m/it/12 concatenate(less,[]\TU/lmr/m/n/12 @*)
 []


Overfull \hbox (13.01768pt too wide) in paragraph at lines 399--507
\TU/lmr/m/it/12 ments[]\TU/lmr/m/n/12 @*) (*@[]\TU/lmr/m/it/12 within[]\TU/lmr/
m/n/12 @*) (*@[]\TU/lmr/m/it/12 the[]\TU/lmr/m/n/12 @*) (*@[]\TU/lmr/m/it/12 ar
ray,[]\TU/lmr/m/n/12 @*) (*@[]\TU/lmr/m/it/12 to[]\TU/lmr/m/n/12 @*) (*@[]\TU/l
mr/m/it/12 avoid[]\TU/lmr/m/n/12 @*) (*@[]\TU/lmr/m/it/12 the[]\TU/lmr/m/n/12 @
*) (*@[]\TU/lmr/m/it/12 mem-
 []


Overfull \hbox (10.54572pt too wide) in paragraph at lines 399--507
\TU/lmr/m/it/12 ory[]\TU/lmr/m/n/12 @*) (*@[]\TU/lmr/m/it/12 allocation[]\TU/lm
r/m/n/12 @*) (*@[]\TU/lmr/m/it/12 of[]\TU/lmr/m/n/12 @*) (*@[]\TU/lmr/m/it/12 m
ore[]\TU/lmr/m/n/12 @*) (*@[]\TU/lmr/m/it/12 arrays.[]\TU/lmr/m/n/12 @*) (*@[]\
TU/lmr/m/it/12 #[]\TU/lmr/m/n/12 @*) (*@[]\TU/lmr/m/it/12 #[]\TU/lmr/m/n/12 @*)
 (*@[]\TU/lmr/m/it/12 #[]\TU/lmr/m/n/12 @*)
 []


Overfull \hbox (50.15369pt too wide) in paragraph at lines 399--507
\TU/lmr/m/n/12 (*@[]\TU/lmr/m/it/12 #[]\TU/lmr/m/n/12 @*) (*@[]\TU/lmr/m/it/12 
function[]\TU/lmr/m/n/12 @*) (*@[]\TU/lmr/m/it/12 quicksort(array)[]\TU/lmr/m/n
/12 @*) (*@[]\TU/lmr/m/it/12 #[]\TU/lmr/m/n/12 @*) (*@[]\TU/lmr/m/it/12 #[]\TU/
lmr/m/n/12 @*) (*@[]\TU/lmr/m/it/12 if[]\TU/lmr/m/n/12 @*) (*@[]\TU/lmr/m/it/12
 length(array)[]\TU/lmr/m/n/12 @*)
 []


Overfull \hbox (10.10172pt too wide) in paragraph at lines 399--507
\TU/lmr/m/n/12 (*@[]\TU/lmr/m/it/12 element[]\TU/lmr/m/n/12 @*) (*@[]\TU/lmr/m/
it/12 of[]\TU/lmr/m/n/12 @*) (*@[]\TU/lmr/m/it/12 array[]\TU/lmr/m/n/12 @*) (*@
[]\TU/lmr/m/it/12 #[]\TU/lmr/m/n/12 @*) (*@[]\TU/lmr/m/it/12 #[]\TU/lmr/m/n/12 
@*) (*@[]\TU/lmr/m/it/12 left[]\TU/lmr/m/n/12 @*) (*@[]\TU/lmr/m/it/12 :=[]\TU/
lmr/m/n/12 @*) (*@[]\TU/lmr/m/it/12 first[]\TU/lmr/m/n/12 @*)
 []


Overfull \hbox (3.36972pt too wide) in paragraph at lines 399--507
\TU/lmr/m/n/12 (*@[]\TU/lmr/m/it/12 index[]\TU/lmr/m/n/12 @*) (*@[]\TU/lmr/m/it
/12 of[]\TU/lmr/m/n/12 @*) (*@[]\TU/lmr/m/it/12 array[]\TU/lmr/m/n/12 @*) (*@[]
\TU/lmr/m/it/12 #[]\TU/lmr/m/n/12 @*) (*@[]\TU/lmr/m/it/12 #[]\TU/lmr/m/n/12 @*
) (*@[]\TU/lmr/m/it/12 right[]\TU/lmr/m/n/12 @*) (*@[]\TU/lmr/m/it/12 :=[]\TU/l
mr/m/n/12 @*) (*@[]\TU/lmr/m/it/12 last[]\TU/lmr/m/n/12 @*)
 []


Overfull \hbox (27.52571pt too wide) in paragraph at lines 399--507
\TU/lmr/m/n/12 (*@[]\TU/lmr/m/it/12 right[]\TU/lmr/m/n/12 @*) (*@[]\TU/lmr/m/it
/12 #[]\TU/lmr/m/n/12 @*) (*@[]\TU/lmr/m/it/12 #[]\TU/lmr/m/n/12 @*) (*@[]\TU/l
mr/m/it/12 while[]\TU/lmr/m/n/12 @*) (*@[]\TU/lmr/m/it/12 array[left][]\TU/lmr/
m/n/12 @*) (*@[]\TU/lmr/m/it/12 <[]\TU/lmr/m/n/12 @*) (*@[]\TU/lmr/m/it/12 pivo
t[]\TU/lmr/m/n/12 @*) (*@[]\TU/lmr/m/it/12 #[]\TU/lmr/m/n/12 @*)
 []


Overfull \hbox (19.62173pt too wide) in paragraph at lines 399--507
\TU/lmr/m/n/12 (*@[]\TU/lmr/m/it/12 #[]\TU/lmr/m/n/12 @*) (*@[]\TU/lmr/m/it/12 
left[]\TU/lmr/m/n/12 @*) (*@[]\TU/lmr/m/it/12 :=[]\TU/lmr/m/n/12 @*) (*@[]\TU/l
mr/m/it/12 left[]\TU/lmr/m/n/12 @*) (*@[]\TU/lmr/m/it/12 +[]\TU/lmr/m/n/12 @*) 
(*@[]\TU/lmr/m/it/12 1[]\TU/lmr/m/n/12 @*) (*@[]\TU/lmr/m/it/12 #[]\TU/lmr/m/n/
12 @*) (*@[]\TU/lmr/m/it/12 #[]\TU/lmr/m/n/12 @*) (*@[]\TU/lmr/m/it/12 while[]\
TU/lmr/m/n/12 @*)
 []


Overfull \hbox (36.38173pt too wide) in paragraph at lines 399--507
\TU/lmr/m/n/12 (*@[]\TU/lmr/m/it/12 array[right][]\TU/lmr/m/n/12 @*) (*@[]\TU/l
mr/m/it/12 >[]\TU/lmr/m/n/12 @*) (*@[]\TU/lmr/m/it/12 pivot[]\TU/lmr/m/n/12 @*)
 (*@[]\TU/lmr/m/it/12 #[]\TU/lmr/m/n/12 @*) (*@[]\TU/lmr/m/it/12 #[]\TU/lmr/m/n
/12 @*) (*@[]\TU/lmr/m/it/12 right[]\TU/lmr/m/n/12 @*) (*@[]\TU/lmr/m/it/12 :=[
]\TU/lmr/m/n/12 @*) (*@[]\TU/lmr/m/it/12 right[]\TU/lmr/m/n/12 @*)
 []


Overfull \hbox (2.47108pt too wide) in paragraph at lines 399--507
\TU/lmr/m/n/12 (*@[]\TU/lmr/m/it/12 -[]\TU/lmr/m/n/12 @*) (*@[]\TU/lmr/m/it/12 
1[]\TU/lmr/m/n/12 @*) (*@[]\TU/lmr/m/it/12 #[]\TU/lmr/m/n/12 @*) (*@[]\TU/lmr/m
/it/12 #[]\TU/lmr/m/n/12 @*) (*@[]\TU/lmr/m/it/12 if[]\TU/lmr/m/n/12 @*) (*@[]\
TU/lmr/m/it/12 left[]\TU/lmr/m/n/12 @*) (*@[]$\OMS/lmsy/m/n/12 ^^T$[]\TU/lmr/m/
n/12 @*) (*@[]\TU/lmr/m/it/12 right[]\TU/lmr/m/n/12 @*) (*@[]\TU/lmr/m/it/12 #[
]\TU/lmr/m/n/12 @*)
 []


Overfull \hbox (5.27371pt too wide) in paragraph at lines 399--507
\TU/lmr/m/n/12 (*@[]\TU/lmr/m/it/12 #[]\TU/lmr/m/n/12 @*) (*@[]\TU/lmr/m/it/12 
swap[]\TU/lmr/m/n/12 @*) (*@[]\TU/lmr/m/it/12 array[left][]\TU/lmr/m/n/12 @*) (
*@[]\TU/lmr/m/it/12 with[]\TU/lmr/m/n/12 @*) (*@[]\TU/lmr/m/it/12 array[right][
]\TU/lmr/m/n/12 @*) (*@[]\TU/lmr/m/it/12 #[]\TU/lmr/m/n/12 @*) (*@[]\TU/lmr/m/i
t/12 #[]\TU/lmr/m/n/12 @*)
 []


Overfull \hbox (21.08574pt too wide) in paragraph at lines 399--507
\TU/lmr/m/n/12 (*@[]\TU/lmr/m/it/12 left[]\TU/lmr/m/n/12 @*) (*@[]\TU/lmr/m/it/
12 :=[]\TU/lmr/m/n/12 @*) (*@[]\TU/lmr/m/it/12 left[]\TU/lmr/m/n/12 @*) (*@[]\T
U/lmr/m/it/12 +[]\TU/lmr/m/n/12 @*) (*@[]\TU/lmr/m/it/12 1[]\TU/lmr/m/n/12 @*) 
(*@[]\TU/lmr/m/it/12 #[]\TU/lmr/m/n/12 @*) (*@[]\TU/lmr/m/it/12 #[]\TU/lmr/m/n/
12 @*) (*@[]\TU/lmr/m/it/12 right[]\TU/lmr/m/n/12 @*) (*@[]\TU/lmr/m/it/12 :=[]
\TU/lmr/m/n/12 @*)
 []


Overfull \hbox (38.79372pt too wide) in paragraph at lines 399--507
\TU/lmr/m/n/12 (*@[]\TU/lmr/m/it/12 right[]\TU/lmr/m/n/12 @*) (*@[]\TU/lmr/m/it
/12 -[]\TU/lmr/m/n/12 @*) (*@[]\TU/lmr/m/it/12 1[]\TU/lmr/m/n/12 @*) (*@[]\TU/l
mr/m/it/12 #[]\TU/lmr/m/n/12 @*) (*@[]\TU/lmr/m/it/12 #[]\TU/lmr/m/n/12 @*) (*@
[]\TU/lmr/m/it/12 quicksort(array[]\TU/lmr/m/n/12 @*) (*@[]\TU/lmr/m/it/12 from
[]\TU/lmr/m/n/12 @*) (*@[]\TU/lmr/m/it/12 first[]\TU/lmr/m/n/12 @*)
 []


Overfull \hbox (7.9137pt too wide) in paragraph at lines 399--507
\TU/lmr/m/n/12 (*@[]\TU/lmr/m/it/12 index[]\TU/lmr/m/n/12 @*) (*@[]\TU/lmr/m/it
/12 to[]\TU/lmr/m/n/12 @*) (*@[]\TU/lmr/m/it/12 right)[]\TU/lmr/m/n/12 @*) (*@[
]\TU/lmr/m/it/12 #[]\TU/lmr/m/n/12 @*) (*@[]\TU/lmr/m/it/12 #[]\TU/lmr/m/n/12 @
*) (*@[]\TU/lmr/m/it/12 quicksort(array[]\TU/lmr/m/n/12 @*) (*@[]\TU/lmr/m/it/1
2 from[]\TU/lmr/m/n/12 @*)
 []


Overfull \hbox (21.95369pt too wide) in paragraph at lines 399--507
\TU/lmr/m/n/12 (*@[]\TU/lmr/m/it/12 left[]\TU/lmr/m/n/12 @*) (*@[]\TU/lmr/m/it/
12 to[]\TU/lmr/m/n/12 @*) (*@[]\TU/lmr/m/it/12 last[]\TU/lmr/m/n/12 @*) (*@[]\T
U/lmr/m/it/12 index)[]\TU/lmr/m/n/12 @*) (*@[]\TU/lmr/m/it/12 #[]\TU/lmr/m/n/12
 @*) (*@[]\TU/lmr/m/it/12 #[]\TU/lmr/m/n/12 @*) (*@[]\TU/lmr/bx/n/12 end[]\TU/l
mr/m/n/12 @*)(*@[]\TU/lmr/m/it/12 #module[]\TU/lmr/m/n/12 @*)
 []


Underfull \hbox (badness 10000) in paragraph at lines 399--507

 []

[4] [5]

! LaTeX Error: Environment lstlisting undefined.

See the LaTeX manual or LaTeX Companion for explanation.
Type  H <return>  for immediate help.
 ...                                              
                                                  
l.508 \begin{lstlisting}
                        
? 

! LaTeX Error: \begin{document} ended by \end{lstlisting}.

See the LaTeX manual or LaTeX Companion for explanation.
Type  H <return>  for immediate help.
 ...                                              
                                                  
l.510 \end{lstlisting}
                      
? 
Package atveryend Info: Empty hook `BeforeClearDocument' on input line 514.
[6]
Package atveryend Info: Empty hook `AfterLastShipout' on input line 514.
 (./Ordenacao.aux)
Package atveryend Info: Empty hook `AtVeryEndDocument' on input line 514.
Package atveryend Info: Executing hook `AtEndAfterFileList' on input line 514.


Package rerunfilecheck Warning: File `Ordenacao.out' has changed.
(rerunfilecheck)                Rerun to get outlines right
(rerunfilecheck)                or use package `bookmark'.

Package rerunfilecheck Info: Checksums for `Ordenacao.out':
(rerunfilecheck)             Before: <no file>
(rerunfilecheck)             After:  D41D8CD98F00B204E9800998ECF8427E;0.
Package atveryend Info: Empty hook `AtVeryVeryEnd' on input line 514.
 ) 
Here is how much of TeX's memory you used:
 10521 strings out of 481269
 150807 string characters out of 5923245
 454079 words of memory out of 5000000
 27901 multiletter control sequences out of 15000+600000
 555800 words of font info for 55 fonts, out of 8000000 for 9000
 14 hyphenation exceptions out of 8191
 37i,6n,37p,635b,316s stack positions out of 5000i,500n,10000p,200000b,80000s

Output written on Ordenacao.pdf (6 pages).
